MPASM 5.68                      COINMAIN.ASM   8-10-2016  0:50:58         PAGE  1


LOC  OBJECT CODE     LINE SOURCE TEXT
  VALUE

                      00001  #include "configurationbits.h"
                      00001 #include "p18F2550.inc"
                      00001         LIST
                      00002 
                      00003 ;==========================================================================
                      00004 ; Build date : May 15 2016
                      00005 ;  MPASM PIC18F2550 processor include
                      00006 ; 
                      00007 ;  (c) Copyright 1999-2016 Microchip Technology, All rights reserved
                      00008 ;==========================================================================
                      00009 
                      01578         LIST
                      00002 
                      00003 ; CONFIG1L
                      00004   CONFIG  PLLDIV = 1            ; PLL Prescaler Selection bits (No prescale (4 MHz oscillator input driv
                            es PLL directly))
                      00005   CONFIG  CPUDIV = OSC1_PLL2    ; System Clock Postscaler Selection bits ([Primary Oscillator Src: /1][9
                            6 MHz PLL Src: /2])
                      00006   CONFIG  USBDIV = 1            ; USB Clock Selection bit (used in Full-Speed USB mode only; UCFG:FSEN =
                             1) (USB clock source comes directly from the primary oscillator block with no postscale)
                      00007 
                      00008 ; CONFIG1H
                      00009   CONFIG  FOSC = INTOSC_XT         ; Oscillator Selection bits (XT oscillator (XT))
                      00010   CONFIG  FCMEN = OFF           ; Fail-Safe Clock Monitor Enable bit (Fail-Safe Clock Monitor disabled)
                      00011   CONFIG  IESO = OFF            ; Internal/External Oscillator Switchover bit (Oscillator Switchover mod
                            e disabled)
                      00012 
                      00013 ; CONFIG2L
                      00014   CONFIG  PWRT = OFF            ; Power-up Timer Enable bit (PWRT disabled)
                      00015   CONFIG  BOR = OFF             ; Brown-out Reset Enable bits (Brown-out Reset disabled in hardware and 
                            software)
                      00016   CONFIG  BORV = 3              ; Brown-out Reset Voltage bits (Minimum setting 2.05V)
                      00017   CONFIG  VREGEN = OFF          ; USB Voltage Regulator Enable bit (USB voltage regulator disabled)
                      00018 
                      00019 ; CONFIG2H
                      00020   CONFIG  WDT = OFF             ; Watchdog Timer Enable bit (WDT disabled (control is placed on the SWDT
                            EN bit))
                      00021   CONFIG  WDTPS = 32768         ; Watchdog Timer Postscale Select bits (1:32768)
                      00022 
                      00023 ; CONFIG3H
                      00024   CONFIG  CCP2MX = OFF          ; CCP2 MUX bit (CCP2 input/output is multiplexed with RB3)
                      00025   CONFIG  PBADEN = OFF          ; PORTB A/D Enable bit (PORTB<4:0> pins are configured as digital I/O on
                             Reset)
                      00026   CONFIG  LPT1OSC = OFF         ; Low-Power Timer 1 Oscillator Enable bit (Timer1 configured for higher 
                            power operation)
                      00027   CONFIG  MCLRE = ON            ; MCLR Pin Enable bit (MCLR pin enabled; RE3 input pin disabled)
                      00028 
                      00029 ; CONFIG4L
                      00030   CONFIG  STVREN = OFF          ; Stack Full/Underflow Reset Enable bit (Stack full/underflow will not c
                            ause Reset)
                      00031   CONFIG  LVP = OFF             ; Single-Supply ICSP Enable bit (Single-Supply ICSP disabled)
                      00032   CONFIG  XINST = OFF           ; Extended Instruction Set Enable bit (Instruction set extension and Ind
                            exed Addressing mode disabled (Legacy mode))
MPASM 5.68                      COINMAIN.ASM   8-10-2016  0:50:58         PAGE  2


LOC  OBJECT CODE     LINE SOURCE TEXT
  VALUE

                      00033 
                      00034 ; CONFIG5L
                      00035   CONFIG  CP0 = OFF             ; Code Protection bit (Block 0 (000800-001FFFh) is not code-protected)
                      00036   CONFIG  CP1 = OFF             ; Code Protection bit (Block 1 (002000-003FFFh) is not code-protected)
                      00037   CONFIG  CP2 = OFF             ; Code Protection bit (Block 2 (004000-005FFFh) is not code-protected)
                      00038   CONFIG  CP3 = OFF             ; Code Protection bit (Block 3 (006000-007FFFh) is not code-protected)
                      00039 
                      00040 ; CONFIG5H
                      00041   CONFIG  CPB = OFF             ; Boot Block Code Protection bit (Boot block (000000-0007FFh) is not cod
                            e-protected)
                      00042   CONFIG  CPD = OFF             ; Data EEPROM Code Protection bit (Data EEPROM is not code-protected)
                      00043 
                      00044 ; CONFIG6L
                      00045   CONFIG  WRT0 = OFF            ; Write Protection bit (Block 0 (000800-001FFFh) is not write-protected)
                      00046   CONFIG  WRT1 = OFF            ; Write Protection bit (Block 1 (002000-003FFFh) is not write-protected)
                      00047   CONFIG  WRT2 = OFF            ; Write Protection bit (Block 2 (004000-005FFFh) is not write-protected)
                      00048   CONFIG  WRT3 = OFF            ; Write Protection bit (Block 3 (006000-007FFFh) is not write-protected)
                      00049 
                      00050 ; CONFIG6H
                      00051   CONFIG  WRTC = OFF            ; Configuration Register Write Protection bit (Configuration registers (
                            300000-3000FFh) are not write-protected)
                      00052   CONFIG  WRTB = OFF            ; Boot Block Write Protection bit (Boot block (000000-0007FFh) is not wr
                            ite-protected)
                      00053   CONFIG  WRTD = OFF            ; Data EEPROM Write Protection bit (Data EEPROM is not write-protected)
                      00054 
                      00055 ; CONFIG7L
                      00056   CONFIG  EBTR0 = OFF           ; Table Read Protection bit (Block 0 (000800-001FFFh) is not protected f
                            rom table reads executed in other blocks)
                      00057   CONFIG  EBTR1 = OFF           ; Table Read Protection bit (Block 1 (002000-003FFFh) is not protected f
                            rom table reads executed in other blocks)
                      00058   CONFIG  EBTR2 = OFF           ; Table Read Protection bit (Block 2 (004000-005FFFh) is not protected f
                            rom table reads executed in other blocks)
                      00059   CONFIG  EBTR3 = OFF           ; Table Read Protection bit (Block 3 (006000-007FFFh) is not protected f
                            rom table reads executed in other blocks)
                      00060 
                      00061 ; CONFIG7H
                      00062   CONFIG  EBTRB = OFF           ; Boot Block Table Read Protection bit (Boot block (000000-0007FFh) is n
                            ot protected from table reads executed in other blocks)
                      00063 
                      00002  ;****************************************************PREPROCESOR DIRECTIVES LCD
                      00003      #define portsAsDigital 0x0F ;  Entradas digitales
                      00004     #define DATAB LATB ; D0-D7
                      00005     #define RS LATA,0
                      00006     #define E  LATA,1
                      00007     #define CLEARSCREEN 0x01
                      00008     #define DISPLAYON 0x0C
                      00009     #define DISPLAYOFF 0x0A
                      00010     #define FIRSTLINE 0x80
                      00011     #define FIRST4LINE 0x84
                      00012     #define SECONDLINE 0xC0
                      00013     #define THIRDLINE 0x94
                      00014     #define FOURTHLINE 0xD4
                      00015     #define MODE8BIT5x8M 0x38
MPASM 5.68                      COINMAIN.ASM   8-10-2016  0:50:58         PAGE  3


LOC  OBJECT CODE     LINE SOURCE TEXT
  VALUE

                      00016     #define SIGNPESOS  0x24
                      00017     
                      00018  ;***************************************PREPROCESOR DIRECTIVES LEDS AND BUTTONS
                      00019  #define Pulsador1 PORTC,5
                      00020  #define Pulsador2 PORTC,4
                      00021  #define Pulsador3 PORTC,1 
                      00022  #define Red LATB,3
                      00023  #define Green LATB,4
                      00024  #define Blue LATB,5
                      00025  #define LED1 LATA,3
                      00026  #define LED2 LATA,4
                      00027  #define LED3 LATA,2
                      00028  #define portasdigital 0x0F
                      00029  #define T3LED b'00111000'; COLORS
                      00030  #define TRISButtons b'00000000'
                      00031  
                      00032  ;********************************************PREPROCESOR DIRECTIVES FOR UART
                      00033     #define BR9600 0x19  ; Actually it should be 25.2
                      00034     #define ASYNH8b b'00100100' ; Asyncronous mode, high speed, enable 
                      00035  
                      00036 
                      00037     CBLOCK 0x60
  00000060            00038     delayvar:3
  00000063            00039     blink ; number of times of blinking of a led
  00000064            00040     buttonPushed ; button that has been pushed
  00000065            00041     Tcoin ; total acumulate coins
  00000066            00042     coin:3 ;units, tens and hundred of time
  00000069            00043     FLAG ; Only is clear one time to accelerate a proccess of displaying
  0000006A            00044     FLAG2 ; flag if it has been produced a interrupt
  0000006B            00045     time:2 ; minutes and hundreds of time 
  0000006D            00046     Stime:4
  00000071            00047     clc; Only is executed one time
  00000072            00048     txdata
  00000073            00049     nsend ;number of times that txdata is send
                      00050     ENDC
                      00051     
                      00052     org 0
000000 EF?? F???      00053     goto main
                      00054     org 8
000008 EF?? F???      00055     goto CCPISR
                      00056     
00000C                00057 main:
00000C EC?? F???      00058     call initialconfigLCD ; get ready MCU to send data to display
000010 EC?? F???      00059     call setLCDup ; initial configuration for LCD    
000014 EC?? F???      00060     call initccp ; initialize interruption for CCP   
                      00061     
000018 EC?? F???      00062 rein: call LCDCover ;Subrutina to reinit the proccess of inserting coins   
00001C EC?? F???      00063     call LEDsRed ; initial configuration for use LEDs 
000020 6B69           00064     clrf FLAG
000022 6B65           00065     clrf Tcoin
000024                00066 mainInsertC: 
000024 EC?? F???      00067     call LCDInsertC ;Insert a Coin
000028 0E50           00068     movlw 0x50 
MPASM 5.68                      COINMAIN.ASM   8-10-2016  0:50:58         PAGE  4


LOC  OBJECT CODE     LINE SOURCE TEXT
  VALUE

00002A EC?? F???      00069     call delayW0ms ;170ms delay
00002E EC?? F???      00070     call LCDNInsertC   
000032 D???           00071     bra mainInsertC ;Repet cycle until a interruption. 
                      00072     
000034                00073 choosebank: ;display and shows the messages when a coin has been ingresed
000034 6969           00074     setf FLAG ; To indicate that a interruption has occurred already
000036 EC?? F???      00075     call LCDBank ; shows a message of shoosing banks
00003A EC?? F???      00076     call separateC ; separate a number
00003E EC?? F???      00077     call showMoney ; Display the count money
000042 EC?? F???      00078     call showtime ; Display the time corresponding to the money
000046 516B           00079     movf time,W
000048 516C           00080     movf time+1,W
00004A EC?? F???      00081     call LEDsGreen ; Shows the banks that are enable
00004E EC?? F???      00082     call readbutton
000052 0012           00083     return
                      00084 ;****************************Separation of the count money 'BCD' subrutine
000054                00085 separateC:
000054 6B66           00086     clrf coin
000056 6B67           00087     clrf coin+1
000058 6B68           00088     clrf coin+2
00005A 5165           00089     movf Tcoin,W
00005C 6F66           00090     movwf coin
00005E 0E63           00091 se11:   movlw d'99'; decenas
000060 6566           00092     cpfsgt coin
000062 D???           00093     bra se1 
000064 D???           00094     bra greater99  ;centenas
000066 0E09           00095 se1:    movlw 0x09; decenas
000068 6566           00096     cpfsgt coin
00006A 0012           00097     return 
00006C D???           00098     bra greater9
                      00099        
00006E                00100 greater9: ;-------------------------if the total count is greater than 1000    
00006E 0E0A           00101     movlw 0x0A
000070 5F66           00102     subwf coin,F
000072 2B67           00103     incf coin+1,F
000074 D???           00104     bra se1
000076                00105 greater99: ;-------------------------if the total count is greater than 1000    
000076 0E64           00106     movlw d'100'
000078 5F66           00107     subwf coin,F
00007A 2B67           00108     incf coin+1,F
00007C D???           00109     bra se11    
                      00110 ;********************************************************DISPLAY MONEY SUBRUTINE
00007E                00111 showMoney:
00007E 0E80           00112     movlw FIRSTLINE
000080 EC?? F???      00113     call command
000084 6B6A           00114     clrf FLAG2
000086 0E20           00115     movlw ' ' ;Display a backspace
000088 EC?? F???      00116     call pdata
00008C 0E20           00117     movlw ' ' ;Display a backspace
00008E EC?? F???      00118     call pdata
000092 0E20           00119     movlw ' ' ;Display a backspace
000094 EC?? F???      00120     call pdata
000098 0E20           00121     movlw ' ' ;Display a backspace
MPASM 5.68                      COINMAIN.ASM   8-10-2016  0:50:58         PAGE  5


LOC  OBJECT CODE     LINE SOURCE TEXT
  VALUE

00009A EC?? F???      00122     call pdata
00009E 0E24           00123     movlw SIGNPESOS ;Display a pesos sign
0000A0 EC?? F???      00124     call pdata 
                      00125     
0000A4 6768           00126     tstfsz coin+2 ;If hundreds are zero then not show this number 
0000A6 EC?? F???      00127     call showc 
0000AA 5167           00128     movf coin+1,W  ;If hundreds and tens are zero then not display neither
0000AC 2567           00129     addwf coin+1,W
0000AE A4D8           00130     btfss STATUS,Z 
0000B0 EC?? F???      00131     call showd ;show tens
0000B4 EC?? F???      00132     call showu ;show units
                      00133     
0000B8 0E30           00134     movlw '0' ;Display zeros of the money
0000BA EC?? F???      00135     call pdata
0000BE 0E30           00136     movlw '0'
0000C0 EC?? F???      00137     call pdata
0000C4 0012           00138     return
                      00139     
                      00140 ;****************************************************SEPARATION MONEY SUBRUTINES    
0000C6                00141 showc:  
0000C6 EC?? F???      00142     call dirnum
0000CA 5168           00143     movf coin+2,W ;cetenas   
0000CC EC?? F???      00144     call show1
0000D0 0012           00145     return
0000D2                00146 showd:
0000D2 EC?? F???      00147     call dirnum
0000D6 5167           00148     movf coin+1,W ;decenas   
0000D8 EC?? F???      00149     call show1
0000DC 0012           00150     return
0000DE                00151 showu: 
0000DE EC?? F???      00152     call dirnum
0000E2 5166           00153     movf coin,W ;unidades  
0000E4 EC?? F???      00154     call show1
0000E8 0012           00155     return
                      00156 
                      00157 ;*****************************************************************MOSTRAR TIEMPO
0000EA                00158 showtime:   
0000EA 0EC0           00159     movlw SECONDLINE
0000EC EC?? F???      00160     call command
0000F0 6B6B           00161     clrf time
0000F2 6B6C           00162     clrf time+1
0000F4 0E05           00163     movlw 0x05
0000F6 0365           00164     mulwf Tcoin ; Making multiplication for five
0000F8 B4F4           00165     btfsc PRODH,2 ;17h 4min
0000FA EC?? F???      00166     call t2
0000FE B2F4           00167     btfsc PRODH,1 ;8h 32min
000100 EC?? F???      00168     call t1
000104 B0F4           00169     btfsc PRODH,0 ;4h 16min
000106 EC?? F???      00170     call t0
                      00171     
00010A 50F3           00172     movf PRODL,W
00010C 276B           00173     addwf time,F
00010E B0D8           00174     btfsc STATUS,C ; was it greater than 256?
MPASM 5.68                      COINMAIN.ASM   8-10-2016  0:50:58         PAGE  6


LOC  OBJECT CODE     LINE SOURCE TEXT
  VALUE

000110 EC?? F???      00175     call t1
                      00176     
000114 0E3B           00177     movlw 0x3B 
000116 616B           00178 cmp60:    cpfslt time
000118 D???           00179     bra sub60
                      00180     
00011A EC?? F???      00181     call separate_time1
00011E EC?? F???      00182     call separate_time2
                      00183     ;movlw 0x05
000122 516D           00184     movf Stime,W
000124 516E           00185     movf Stime+1,W
000126 516F           00186     movf Stime+2,W
000128 5170           00187     movf Stime+3,W
00012A EC?? F???      00188     call showtime1t
00012E EC?? F???      00189     call showtime1u
000132 0E68           00190     movlw 'h'
000134 EC?? F???      00191     call pdata
000138 EC?? F???      00192     call showtimet
00013C EC?? F???      00193     call showtimeu
000140 0E6D           00194     movlw 'm'
000142 EC?? F???      00195     call pdata
000146 0012           00196     return
000148                00197 showtime1t:
000148 EC?? F???      00198     call dirnum
00014C 5170           00199     movf Stime+3,W
                      00200     ;tstfsz Stime+3
00014E EC?? F???      00201     call show1
000152 0012           00202     return
000154                00203 showtime1u:
000154 EC?? F???      00204     call dirnum
000158 516F           00205     movf Stime+2,W
                      00206     ;tstfsz Stime+2
00015A EC?? F???      00207     call show1
00015E 0012           00208     return
000160                00209 showtimet:
000160 EC?? F???      00210     call dirnum
000164 516E           00211     movf Stime+1,W
                      00212     ;tstfsz Stime+1
000166 EC?? F???      00213     call show1
00016A 0012           00214     return
00016C                00215 showtimeu:
00016C EC?? F???      00216     call dirnum
000170 516D           00217     movf Stime,W
                      00218     ;tstfsz Stime
000172 EC?? F???      00219     call show1
000176 0012           00220     return    
                      00221     
000178                00222 separate_time1:
000178 6B6F           00223     clrf Stime+2;Units hours
00017A 6B70           00224     clrf Stime+3;Tens hours 
                      00225     
00017C 516C           00226     movf time+1,W
00017E 6F6F           00227     movwf Stime+2
MPASM 5.68                      COINMAIN.ASM   8-10-2016  0:50:58         PAGE  7


LOC  OBJECT CODE     LINE SOURCE TEXT
  VALUE

000180 0E09           00228 sepa1:    movlw 0x09
000182 616F           00229     cpfslt Stime+2
000184 D???           00230     bra gt10
000186 0012           00231     return
                      00232     
000188                00233 separate_time2:  
000188 6B6D           00234     clrf Stime;Units hours
00018A 6B6E           00235     clrf Stime+1;Tens hours 
                      00236     
00018C 516B           00237     movf time,W
00018E 6F6D           00238     movwf Stime
000190 0E09           00239 sepa2:    movlw 0x09
000192 616D           00240     cpfslt Stime
000194 D???           00241     bra gt12
000196 0012           00242     return    
                      00243  
000198                00244 gt10: ;greater than 10
000198 0E0A           00245     movlw 0x0A
00019A 5F6F           00246     subwf Stime+2
00019C 2B70           00247     incf Stime+3,F
00019E D???           00248     bra sepa1 
                      00249     
0001A0                00250 gt12: ;greater than 10
0001A0 0E0A           00251     movlw 0x0A
0001A2 5F6D           00252     subwf Stime,F
0001A4 2B6E           00253     incf Stime+1,F
0001A6 D???           00254     bra sepa1     
                      00255     
0001A8                00256 sub60:
0001A8 0E3C           00257     movlw d'60'
0001AA 5F6B           00258     subwf time,F ; sub 60 from time
0001AC 2B6C           00259     incf time+1,F
0001AE D???           00260     bra cmp60 
                      00261     
0001B0                00262 t2:
0001B0 0E11           00263     movlw d'17' ;17 hours and 4 minutes
0001B2 6F6C           00264     movwf time+1
0001B4 0E04           00265     movlw d'4'
0001B6 6F6B           00266     movwf time
0001B8 0012           00267     return
0001BA                00268 t1:
0001BA 0E08           00269     movlw d'8' ;8 hours and 4 minutes
0001BC 276C           00270     addwf time+1,F
0001BE 0E20           00271     movlw d'32'
0001C0 276B           00272     addwf time,F
0001C2 0012           00273     return
0001C4                00274 t0:    
0001C4 0E04           00275     movlw d'4' ;4 hours and 4 minutes
0001C6 276C           00276     addwf time+1,F
0001C8 0E10           00277     movlw d'16'
0001CA 276B           00278     addwf time,F
0001CC 0012           00279     return
                      00280 ;*****************************************************SUBRUTINE FOR SHOW NUMBERS    
MPASM 5.68                      COINMAIN.ASM   8-10-2016  0:50:58         PAGE  8


LOC  OBJECT CODE     LINE SOURCE TEXT
  VALUE

0001CE                00281 show1:
0001CE 26F6           00282     addwf TBLPTRL
0001D0 B0D8           00283     btfsc STATUS,C
0001D2 2AF7           00284     incf TBLPTRH,F
0001D4 0008           00285     TBLRD* ;move de data to TABLAT 
0001D6 50F5           00286     movf TABLAT,W
0001D8 EC?? F???      00287     call pdata
0001DC 0012           00288     return
                      00289     
                      00290 ;*****************************************************POINT TO NUMBERS SUBRUTINE
0001DE                00291 dirnum:    
0001DE 0E??           00292     movlw low ncoin
0001E0 6EF6           00293     movwf TBLPTRL
0001E2 0E??           00294     movlw high ncoin
0001E4 6EF7           00295     movwf TBLPTRH
0001E6 0E??           00296     movlw upper ncoin
0001E8 6EF8           00297     movwf TBLPTRU
0001EA 0012           00298     return
                      00299 ;***************************************************** READING BUTTONS SUBRUTINE    
0001EC                00300 readbutton:
0001EC 0E0A           00301     movlw 0x0A
0001EE 6F63           00302     movwf blink ; init var blink
0001F0 EC?? F???      00303     call read1 ; return the number of the button pushed
0001F4 6F64           00304     movwf buttonPushed ; save the return var in this. According to the bit 
0001F6 0E38           00305     movlw T3LED    
0001F8 6E8A           00306     movwf LATB ;LEDsOFF 'colors'A
0001FA 6A89           00307     clrf LATA ;OFF Anode
0001FC B164           00308     btfsc buttonPushed,0 ;test if button 1 has been pushed
0001FE 8689           00309     bsf LED1
000200 B364           00310     btfsc buttonPushed,1 ;test if button 2 has been pushed
000202 8889           00311     bsf LED2
000204 B564           00312     btfsc buttonPushed,2 ;test if button 3 has been pushed
000206 8489           00313     bsf LED3
000208 7A8A           00314 read2:    btg Blue ;blink the LED that represent the button that has been pushed
00020A 0E1E           00315     movlw 0x1E
00020C EC?? F???      00316     call delayW0ms
000210 2F63           00317     decfsz blink
000212 D???           00318     bra read2
000214 EC?? F???      00319     call targetbank
000218 0EC8           00320     movlw d'200' ;Show the message for 1s
00021A EC?? F???      00321     call delayW0ms
00021E EC?? F???      00322     call showthanks
000222 0E64           00323     movlw d'100' ;Show the message for 1s
000224 EC?? F???      00324     call delayW0ms
000228 EC?? F???      00325     call TXSUB
00022C 0E38           00326     movlw T3LED 
00022E 6E8A           00327     movwf LATB ;turn off leds 'Colors'
000230 8689           00328     bsf LED1 ;turn on LEDs of red color
000232 8889           00329     bsf LED2
000234 8489           00330     bsf LED3
000236 968A           00331     bcf Red
000238 6971           00332     setf clc
00023A D???           00333     bra rein  
MPASM 5.68                      COINMAIN.ASM   8-10-2016  0:50:58         PAGE  9


LOC  OBJECT CODE     LINE SOURCE TEXT
  VALUE

00023C                00334 read1:;--------------------------;--------------------------This won't end until one button has been pus
                            hed
00023C AF6A           00335     btfss FLAG2,7 ; 7 JAJA LOL XD
00023E D???           00336     bra rr1 ; only execute the following code once time, couse of a interruption
000240 6A93           00337     clrf TRISB
000242 EC?? F???      00338     call separateC 
000246 EC?? F???      00339     call showMoney
00024A 0E00           00340     movlw TRISButtons                               ;
00024C 6E93           00341     movwf TRISB ; setting data direction of PORTB     --~!
00024E EC?? F???      00342     call LEDsGreen
000252                00343 rr1:   
000252 BA82           00344     btfsc Pulsador1 
000254 0C01           00345     retlw 1
000256 B882           00346     btfsc Pulsador2
000258 0C02           00347     retlw 2
00025A B282           00348     btfsc Pulsador3
00025C 0C04           00349     retlw 4
00025E D???           00350     bra read1
                      00351 ;***************************************************** GO TO THE BANK X
000260                00352 targetbank:
000260 0E01           00353     movlw CLEARSCREEN
000262 EC?? F???      00354     call command
000266 0E94           00355     movlw THIRDLINE
000268 EC?? F???      00356     call command
00026C 0E??           00357     movlw low msg6
00026E 6EF6           00358     movwf TBLPTRL
000270 0E??           00359     movlw high msg6
000272 6EF7           00360     movwf TBLPTRH
000274 0E??           00361     movlw upper msg6
000276 6EF8           00362     movwf TBLPTRU
000278 EC?? F???      00363     call LCD1
00027C EC?? F???      00364     call banknumber
000280 EC?? F???      00365     call pdata
000284 0012           00366     return
                      00367 
000286                00368 banknumber:    
000286 B164           00369     btfsc buttonPushed,0
000288 0C31           00370     retlw '1'
00028A B364           00371     btfsc buttonPushed,1
00028C 0C32           00372     retlw '2'
00028E B564           00373     btfsc buttonPushed,2
000290 0C33           00374     retlw '3'
000292 0012           00375     return 
                      00376     
                      00377 ;**********************************************************SHOW THANKS SUBRUTINE
000294                00378 showthanks:
000294 0E94           00379     movlw THIRDLINE
000296 EC?? F???      00380     call command
00029A 0E??           00381     movlw low msg7
00029C 6EF6           00382     movwf TBLPTRL
00029E 0E??           00383     movlw high msg7
0002A0 6EF7           00384     movwf TBLPTRH
0002A2 0E??           00385     movlw upper msg7
MPASM 5.68                      COINMAIN.ASM   8-10-2016  0:50:58         PAGE 10


LOC  OBJECT CODE     LINE SOURCE TEXT
  VALUE

0002A4 6EF8           00386     movwf TBLPTRU
0002A6 EC?? F???      00387     call LCD1
0002AA 0012           00388     return
                      00389 ;****************************** INITIAL CONFIGURATION LEDs AND BUTTONS SUBRUTINE   
0002AC                00390 LEDsRed:
0002AC 0E38           00391     movlw T3LED
0002AE 6E8A           00392     movwf LATB ;LEDsOFF
0002B0 8689           00393     bsf LED1
0002B2 8889           00394     bsf LED2
0002B4 8489           00395     bsf LED3
0002B6 968A           00396     bcf Red ; Turn On the LEDs in RED COLOR
0002B8 0012           00397     return
                      00398 
0002BA                00399 LEDsGreen:
0002BA 6A89           00400     clrf LATA ; setting initial value of LATA
0002BC 0E38           00401     movlw T3LED
0002BE 6E8A           00402     movwf LATB ;LEDsOFF
0002C0 8689           00403     bsf LED1
0002C2 8889           00404     bsf LED2
0002C4 8489           00405     bsf LED3
0002C6 988A           00406     bcf Green ; Turn On the LEDs in GREEN COLOR
0002C8 0012           00407     return    
                      00408     
                      00409 ;****************************************************************LCD SUBRUOTINES     
0002CA                00410 enablepulse: ;-------------------------------------For Latching data in the LCD 
0002CA 8289           00411     bsf E ;Rising Edge
0002CC 0000           00412     nop
0002CE 9289           00413     bcf E ;Falling Edge
0002D0 0012           00414     return 
                      00415     
0002D2                00416 command:;---------------------------------------------------;-------------------------------------------
                            --------For execute commands
0002D2 6E8A           00417     movwf DATAB
0002D4 9089           00418     bcf RS
0002D6 EC?? F???      00419     call enablepulse ;To latch data 
0002DA 0E01           00420     movlw 0x01 
0002DC EC?? F???      00421     call delayW0ms ;Delay for 20ms    
0002E0 0012           00422     return
                      00423 
0002E2                00424 pdata:;----------------------------------------------------;--------------------------------------------
                            --------For print data in LCD
0002E2 6E8A           00425     movwf DATAB
0002E4 8089           00426     bsf RS
0002E6 EC?? F???      00427     call enablepulse ;To latch data 
0002EA 0E01           00428     movlw 0x01 
0002EC EC?? F???      00429     call delayW0ms ;Delay for 20ms  
0002F0 0012           00430     return
                      00431 
0002F2                00432 setLCDup:;--------------------------------------------------;-------------------------------------------
                            -------For Initializate LCD    
0002F2 0E02           00433     movlw 0x02
0002F4 EC?? F???      00434     call delayW0ms ; Wait 10ms for Start up of LCD
0002F8 0E??           00435     movlw low ctrlcd ;To load the address 0x000100
MPASM 5.68                      COINMAIN.ASM   8-10-2016  0:50:58         PAGE 11


LOC  OBJECT CODE     LINE SOURCE TEXT
  VALUE

0002FA 6EF6           00436     movwf TBLPTRL
0002FC 0E??           00437     movlw high ctrlcd
0002FE 6EF7           00438     movwf TBLPTRH
000300 0E??           00439     movlw upper ctrlcd
000302 6EF8           00440     movwf TBLPTRU
                      00441 
000304 0009           00442 set1:    TBLRD*+
000306 50F5           00443     movf TABLAT,W   
000308 B4D8           00444     btfsc  STATUS,Z 
00030A 0012           00445     return
00030C EC?? F???      00446     call command ;execute the command
000310 D???           00447     bra set1
                      00448     
                      00449 ;***************************************SET UP AND INITIALIZATION MCU SUBROUTINE     
000312                00450 initialconfigLCD: 
000312 8CD3           00451     bsf OSCCON,6
000314 8AD3           00452     bsf OSCCON,5
000316 98D3           00453     bcf OSCCON,4 ;For select 4MHZ clock
000318 966D           00454     bcf UCON,3 ; Disenable USB Module, for use pins C4 and C5
00031A 866F           00455     bsf UCFG,3 ;
                      00456     
00031C 0E0F           00457     movlw portsAsDigital
00031E 6EC1           00458     movwf ADCON1 ;Ports as digital instead of analogic
000320 6A92           00459     clrf TRISA  ;PortA as digital output
000322 6A89           00460     clrf LATA  ;Initializing PortA = '0'
000324 6A93           00461     clrf TRISB ;PortB as digital output 
000326 6A8A           00462     clrf LATB ;Initializing PortB 
000328 0E36           00463     movlw b'00110110'
00032A 6E94           00464     movwf TRISC ; data direction PortC
00032C 6A8B           00465     clrf LATC
00032E 6971           00466     setf clc
                      00467     
000330 96B8           00468     bcf BAUDCON,BRG16 ; Baud rate generator 8 bits 'old school'
000332 0E24           00469     movlw ASYNH8b
000334 6EAC           00470     movwf TXSTA ;
000336 0E19           00471     movlw BR9600 
000338 6EAF           00472     movwf SPBRG ;Charging the adecuate value to generate 9600 bauds
00033A 9C94           00473     bcf TRISC,TX ;Setting data direction for tx pin 
00033C 8EAB           00474     bsf RCSTA,SPEN; enabling tx pin
                      00475    
00033E 0012           00476     return 
                      00477     
                      00478 ;****************************************************************INITIAL MESSAGE    
000340                00479 LCDCover:   
                      00480     ;*-------------------Show Welcome Line 1
000340 0E80           00481     movlw FIRSTLINE
000342 EC?? F???      00482     call command
000346 0E??           00483     movlw low msg1
000348 6EF6           00484     movwf TBLPTRL
00034A 0E??           00485     movlw high msg1
00034C 6EF7           00486     movwf TBLPTRH
00034E 0E??           00487     movlw upper msg1
000350 6EF8           00488     movwf TBLPTRU
MPASM 5.68                      COINMAIN.ASM   8-10-2016  0:50:58         PAGE 12


LOC  OBJECT CODE     LINE SOURCE TEXT
  VALUE

000352 EC?? F???      00489     call LCD1
000356 0012           00490     return
                      00491     
                      00492     ;*------------------Show  Please insert a coin Line 3
000358                00493 LCDInsertC:
000358 0E94           00494     movlw THIRDLINE ;move to the third line
00035A EC?? F???      00495     call command
                      00496     
00035E 0E??           00497     movlw low msg2
000360 6EF6           00498     movwf TBLPTRL
000362 0E??           00499     movlw high msg2
000364 6EF7           00500     movwf TBLPTRH
000366 0E??           00501     movlw upper msg2
000368 6EF8           00502     movwf TBLPTRU
00036A EC?? F???      00503     call LCD1
00036E 0012           00504     return
                      00505     
000370                00506 LCDNInsertC:
000370 0E94           00507     movlw THIRDLINE ;move to the third line
000372 EC?? F???      00508     call command
                      00509     
000376 0E??           00510     movlw low msg3
000378 6EF6           00511     movwf TBLPTRL
00037A 0E??           00512     movlw high msg3
00037C 6EF7           00513     movwf TBLPTRH
00037E 0E??           00514     movlw upper msg3
000380 6EF8           00515     movwf TBLPTRU
000382 EC?? F???      00516     call LCD1
000386 0012           00517     return
                      00518 
000388                00519 LCDBank:
000388 0E94           00520     movlw THIRDLINE ;move to the third line
00038A EC?? F???      00521     call command
                      00522     
00038E 0E??           00523     movlw low msg4
000390 6EF6           00524     movwf TBLPTRL
000392 0E??           00525     movlw high msg4
000394 6EF7           00526     movwf TBLPTRH
000396 0E??           00527     movlw upper msg4
000398 6EF8           00528     movwf TBLPTRU
00039A EC?? F???      00529     call LCD1
                      00530     
00039E 0ED4           00531     movlw FOURTHLINE ;move to the third line
0003A0 EC?? F???      00532     call command
                      00533     
0003A4 0E??           00534     movlw low msg5
0003A6 6EF6           00535     movwf TBLPTRL
0003A8 0E??           00536     movlw high msg5
0003AA 6EF7           00537     movwf TBLPTRH
0003AC 0E??           00538     movlw upper msg5
0003AE 6EF8           00539     movwf TBLPTRU
0003B0 EC?? F???      00540     call LCD1
0003B4 0012           00541     return 
MPASM 5.68                      COINMAIN.ASM   8-10-2016  0:50:58         PAGE 13


LOC  OBJECT CODE     LINE SOURCE TEXT
  VALUE

                      00542     
0003B6 0009           00543 LCD1: tblrd*+
0003B8 50F5           00544     movf TABLAT,W
0003BA B4D8           00545     btfsc STATUS,Z
0003BC 0012           00546     return
0003BE EC?? F???      00547     call pdata 
0003C2 D???           00548     bra LCD1
                      00549 ;*************************************INITIAL CONFIGURATION CCP MODULE SUBRUTINE
0003C4                00550 initccp:
0003C4 0E04           00551     movlw 0x04 ;capture mode, falling edge
0003C6 6EBD           00552     movwf CCP1CON 
0003C8 6AB1           00553     clrf T3CON
0003CA 8494           00554     bsf TRISC,RC2 ; CCP1 as Input 
0003CC 949E           00555     bcf PIR1,CCP1IF
0003CE 849D           00556     bsf PIE1,CCP1IE; Enabling interrupt for CCP1
0003D0 8CF2           00557     bsf INTCON,PEIE; Enabling peripheral interrupts
0003D2 8EF2           00558     bsf INTCON,GIE; Enabling global interruptions 
0003D4 0012           00559     return
                      00560 ;***************************************************CCP INTERRUPT SERVICE RUTINE    
0003D6                00561 CCPISR:
0003D6 6771           00562     tstfsz clc ;for clear the screen
0003D8 EC?? F???      00563     call clear
0003DC 696A           00564     setf FLAG2 ;For data
0003DE 949E           00565     bcf PIR1,CCP1IF
0003E0 0E1C           00566     movlw 0x1C
0003E2 EC?? F???      00567     call delayW0ms ; 25ms delay subrutine
0003E6 A49E           00568     btfss PIR1,CCP1IF
0003E8 D???           00569     bra S200 ; Coin value =500 
0003EA B49E           00570     btfsc PIR1,CCP1IF
0003EC D???           00571     bra S500; Coin value = 200
                      00572       
0003EE                00573 S500:;---------------------------------------------------------;----------------------------------------
                            -----------------500 COIN SUBRUTINE
0003EE 7C8B           00574     btg LATC,RC6
0003F0 0E05           00575     movlw 0x05
0003F2 2765           00576     addwf Tcoin,F
0003F4 949E           00577     bcf PIR1,CCP1IF ; Clear Flag CCP1 Module
                      00578     
0003F6 6769           00579     tstfsz FLAG
0003F8 0011           00580     retfie 1
                      00581     
0003FA 0E??           00582     movlw UPPER choosebank ; modifying stack
0003FC 6EFF           00583     movwf TOSU
0003FE 0E??           00584     movlw HIGH choosebank
000400 6EFE           00585     movwf TOSH 
000402 0E??           00586     movlw LOW choosebank
000404 6EFD           00587     movwf TOSL 
000406 0011           00588     retfie 1
                      00589      ; restore W and Status register from shadow resgisters
                      00590     
000408                00591 S200:;---------------------------------------------------------;----------------------------------------
                            -----------------200 COIN SUBRUTINE
000408 7C8B           00592     btg LATC,RC6
MPASM 5.68                      COINMAIN.ASM   8-10-2016  0:50:58         PAGE 14


LOC  OBJECT CODE     LINE SOURCE TEXT
  VALUE

00040A 0E02           00593     movlw 0x02
00040C 2765           00594     addwf Tcoin,F
00040E 949E           00595     bcf PIR1,CCP1IF ; Clear Flag CCP1 Module
                      00596     
000410 6769           00597     tstfsz FLAG
000412 0011           00598     retfie 1
                      00599     
000414 0E??           00600     movlw UPPER choosebank ; modifying stack
000416 6EFF           00601     movwf TOSU
000418 0E??           00602     movlw HIGH choosebank
00041A 6EFE           00603     movwf TOSH 
00041C 0E??           00604     movlw LOW choosebank
00041E 6EFD           00605     movwf TOSL 
000420 0011           00606     retfie 1;restore W and Status register from shadow registers
                      00607 
000422                00608 clear:
000422 0E01           00609     movlw CLEARSCREEN
000424 EC?? F???      00610     call command
000428 6B71           00611     clrf clc
00042A 0012           00612     return
                      00613 
                      00614 ;****************************************************************USART SUBRUTINE    
00042C                00615 TXSUB:
00042C 9EF2           00616     bcf INTCON,GIE ; turn off the interruptions for a moment 
                      00617     
00042E 6B72           00618     clrf txdata
000430 C065 F072      00619     movff Tcoin,txdata      ;xxXXXXXX
000434 9F72           00620     bcf txdata,7 ;equipos
000436 9D72           00621     bcf txdata,6 ;equipos
000438 B164           00622     btfsc buttonPushed,0    ;01 bank1
00043A 8D72           00623     bsf txdata,6
00043C B364           00624     btfsc buttonPushed,1    ;10 bank2
00043E 8F72           00625     bsf txdata,7
000440 B564           00626     btfsc buttonPushed,2    ;11 bank3
000442 8F72           00627     bsf txdata,7
000444 B564           00628     btfsc buttonPushed,2
000446 8D72           00629     bsf txdata,6
                      00630 
000448 0E1E           00631     movlw 0x1E
00044A 6F73           00632     movwf nsend
00044C                00633 senddata:    
00044C 5172           00634     movf txdata,W
00044E A89E           00635 wait:    btfss PIR1,TXIF
000450 D???           00636     bra wait
000452 6EAD           00637     movwf TXREG
000454 2F73           00638     decfsz nsend
000456 D???           00639     bra senddata
000458 8EF2           00640     bsf INTCON,GIE ; turn on the interruptions 
                      00641     ;goto $
00045A 0012           00642     return
                      00643 ;***************************************************************DELAY SUBRUTINES   
00045C                00644 delay10ms:  ;4MHz frecuency oscillator
00045C 0E54           00645     movlw d'84'  ;A Value
MPASM 5.68                      COINMAIN.ASM   8-10-2016  0:50:58         PAGE 15


LOC  OBJECT CODE     LINE SOURCE TEXT
  VALUE

00045E 6F61           00646     movwf delayvar+1
000460 0E26           00647 d0:   movlw d'38' ;B Value
000462 6F60           00648     movwf delayvar  
000464 0000           00649     nop
000466 2F60           00650 d1:  decfsz delayvar,F
000468 D???           00651     bra d1
00046A 2F61           00652     decfsz delayvar+1,F
00046C D???           00653     bra d0      
00046E 0012           00654     return ;2+1+1+A[1+1+1+B+1+2B-2]+A+1+2A-2+2 => 5+A[5+3B]
                      00655     
000470                00656 delayW0ms: ;It is neccesary load a properly value in the acumulator before use this subrutine
000470 6F62           00657     movwf delayvar+2
000472 EC?? F???      00658 d2:    call delay10ms
000476 2F62           00659     decfsz delayvar+2,F
000478 D???           00660     bra d2
00047A 0012           00661     return 
                      00662     
                      00663 ;********************************************************************DATA VECTOR
                      00664     org 0x500
000500 0C38 8001 0000 00665 ctrlcd:  db  MODE8BIT5x8M,DISPLAYON,CLEARSCREEN,FIRSTLINE,0  ;Comandos a ejecutar 
000506 2020 2020 2020 00666 msg1:    da "      WELCOME!      ",0                        
       4557 434C 4D4F 
       2145 2020 2020 
       2020 0000 
00051C 4C50 4145 4553 00667 msg2:    da "PLEASE INSERT A COIN",0    
       4920 534E 5245 
       2054 2041 4F43 
       4E49 0000 
000532 2020 2020 2020 00668 msg3:    da "                    ",0
       2020 2020 2020 
       2020 2020 2020 
       2020 0000 
000548 2020 2020 4843 00669 msg4:    da "    CHOOSE A SEAT   ",0  
       4F4F 4553 4120 
       5320 4145 2054 
       2020 0000 
00055E 2020 3120 2020 00670 msg5:    da "   1      2      3  ",0    
       2020 2020 2032 
       2020 2020 3320 
       2020 0000 
000574 4944 4952 4147 00671 msg6:    da "DIRIGASE AL BANCO:",0
       4553 4120 204C 
       4142 434E 3A4F 
       0000 
000588 3130 3332 3534 00672 ncoin:   da "0123456789abcdefghijklmnopqrst",0
       3736 3938 6261 
       6463 6665 6867 
       6A69 6C6B 6E6D 
       706F 7271 7473 
       0000 
0005A8 2020 2020 4720 00673 msg7:    da "     GRACIAS        ",0   
       4152 4943 5341 
       2020 2020 2020 
MPASM 5.68                      COINMAIN.ASM   8-10-2016  0:50:58         PAGE 16


LOC  OBJECT CODE     LINE SOURCE TEXT
  VALUE

       2020 0000 
                      00674  END
MPASM 5.68                      COINMAIN.ASM   8-10-2016  0:50:58         PAGE 17


SYMBOL TABLE
  LABEL                             VALUE 

A                                 00000000
ABDEN                             00000000
ABDOVF                            00000007
ACCESS                            00000000
ACKDT                             00000005
ACKEN                             00000004
ACKSTAT                           00000006
ACQT0                             00000003
ACQT1                             00000004
ACQT2                             00000005
ACTVIE                            00000002
ACTVIF                            00000002
ADCON0                            00000FC2
ADCON1                            00000FC1
ADCON2                            00000FC0
ADCS0                             00000000
ADCS1                             00000001
ADCS2                             00000002
ADDEN                             00000003
ADDR0                             00000000
ADDR1                             00000001
ADDR2                             00000002
ADDR3                             00000003
ADDR4                             00000004
ADDR5                             00000005
ADDR6                             00000006
ADEN                              00000003
ADFM                              00000007
ADIE                              00000006
ADIF                              00000006
ADIP                              00000006
ADON                              00000000
ADRES                             00000FC3
ADRESH                            00000FC4
ADRESL                            00000FC3
AN0                               00000000
AN1                               00000001
AN2                               00000002
AN3                               00000003
AN4                               00000005
ASYNH8b                           b'00100100'
BANKED                            00000001
BAUDCON                           00000FB8
BAUDCTL                           00000FB8
BCLIE                             00000003
BCLIF                             00000003
BCLIP                             00000003
BF                                00000000
BGST                              00000005
BOR                               00000000
BR9600                            0x19
BRG16                             00000003
BRGH                              00000002
MPASM 5.68                      COINMAIN.ASM   8-10-2016  0:50:58         PAGE 18


SYMBOL TABLE
  LABEL                             VALUE 

BSR                               00000FE0
BTOEE                             00000004
BTOEF                             00000004
BTSEE                             00000007
BTSEF                             00000007
Blue                              LATB,5
C                                 00000000
C1INV                             00000004
C1OUT                             00000006
C2INV                             00000005
C2OUT                             00000007
CCP1                              00000002
CCP1AS                            00000FB6
CCP1CON                           00000FBD
CCP1DEL                           00000FB7
CCP1IE                            00000002
CCP1IF                            00000002
CCP1IP                            00000002
CCP1M0                            00000000
CCP1M1                            00000001
CCP1M2                            00000002
CCP1M3                            00000003
CCP2CON                           00000FBA
CCP2IE                            00000000
CCP2IF                            00000000
CCP2IP                            00000000
CCP2M0                            00000000
CCP2M1                            00000001
CCP2M2                            00000002
CCP2M3                            00000003
CCPISR                            000003D6
CCPR1                             00000FBE
CCPR1H                            00000FBF
CCPR1L                            00000FBE
CCPR2                             00000FBB
CCPR2H                            00000FBC
CCPR2L                            00000FBB
CFGS                              00000006
CHS0                              00000002
CHS1                              00000003
CHS2                              00000004
CHS3                              00000005
CIS                               00000003
CK                                00000006
CKE                               00000006
CKP                               00000004
CLEARSCREEN                       0x01
CM0                               00000000
CM1                               00000001
CM2                               00000002
CMCON                             00000FB4
CMIE                              00000006
CMIF                              00000006
MPASM 5.68                      COINMAIN.ASM   8-10-2016  0:50:58         PAGE 19


SYMBOL TABLE
  LABEL                             VALUE 

CMIP                              00000006
CRC16EE                           00000002
CRC16EF                           00000002
CRC5EE                            00000001
CRC5EF                            00000001
CREN                              00000004
CSRC                              00000007
CVR0                              00000000
CVR1                              00000001
CVR2                              00000002
CVR3                              00000003
CVRCON                            00000FB5
CVREF                             00000004
CVREN                             00000007
CVROE                             00000006
CVRR                              00000005
CVRSS                             00000004
D                                 00000005
DATAB                             LATB
DATA_ADDRESS                      00000005
DC                                00000001
DC1B0                             00000004
DC1B1                             00000005
DC2B0                             00000004
DC2B1                             00000005
DDRA                              TRISA
DDRB                              TRISB
DDRC                              TRISC
DDRD                              TRISD
DDRE                              TRISE
DFN8EE                            00000003
DFN8EF                            00000003
DIR                               00000002
DISPLAYOFF                        0x0A
DISPLAYON                         0x0C
DONE                              00000001
D_A                               00000005
D_NOT_A                           00000005
E                                 LATA,1
ECCP1AS                           00000FB6
ECCP1DEL                          00000FB7
ECCPAS0                           00000004
ECCPAS1                           00000005
ECCPAS2                           00000006
ECCPASE                           00000007
EEADR                             00000FA9
EECON1                            00000FA6
EECON2                            00000FA7
EEDATA                            00000FA8
EEIE                              00000004
EEIF                              00000004
EEIP                              00000004
EEPGD                             00000007
MPASM 5.68                      COINMAIN.ASM   8-10-2016  0:50:58         PAGE 20


SYMBOL TABLE
  LABEL                             VALUE 

ENDP0                             00000003
ENDP1                             00000004
ENDP2                             00000005
ENDP3                             00000006
EPCONDIS                          00000003
EPHSHK                            00000004
EPINEN                            00000001
EPOUTEN                           00000002
EPSTALL                           00000000
FAST                              00000001
FERR                              00000002
FIRST4LINE                        0x84
FIRSTLINE                         0x80
FLAG                              00000069
FLAG2                             0000006A
FLTS                              00000002
FOURTHLINE                        0xD4
FREE                              00000004
FRM0                              00000000
FRM1                              00000001
FRM10                             00000002
FRM2                              00000002
FRM3                              00000003
FRM4                              00000004
FRM5                              00000005
FRM6                              00000006
FRM7                              00000007
FRM8                              00000000
FRM9                              00000001
FSEN                              00000002
FSR0                              00000000
FSR0H                             00000FEA
FSR0L                             00000FE9
FSR1                              00000001
FSR1H                             00000FE2
FSR1L                             00000FE1
FSR2                              00000002
FSR2H                             00000FDA
FSR2L                             00000FD9
GCEN                              00000007
GIE                               00000007
GIEH                              00000007
GIEL                              00000006
GIE_GIEH                          00000007
GO                                00000001
GO_DONE                           00000001
GO_NOT_DONE                       00000001
Green                             LATB,4
HLVDCON                           00000FD2
HLVDEN                            00000004
HLVDIE                            00000002
HLVDIF                            00000002
HLVDIN                            00000005
MPASM 5.68                      COINMAIN.ASM   8-10-2016  0:50:58         PAGE 21


SYMBOL TABLE
  LABEL                             VALUE 

HLVDIP                            00000002
HLVDL0                            00000000
HLVDL1                            00000001
HLVDL2                            00000002
HLVDL3                            00000003
I2C_DAT                           00000005
I2C_READ                          00000002
I2C_START                         00000003
I2C_STOP                          00000004
IDLEIE                            00000004
IDLEIF                            00000004
IDLEN                             00000007
INDF0                             00000FEF
INDF1                             00000FE7
INDF2                             00000FDF
INT0                              00000000
INT0E                             00000004
INT0F                             00000001
INT0IE                            00000004
INT0IF                            00000001
INT1                              00000001
INT1E                             00000003
INT1F                             00000000
INT1IE                            00000003
INT1IF                            00000000
INT1IP                            00000006
INT1P                             00000006
INT2                              00000002
INT2E                             00000004
INT2F                             00000001
INT2IE                            00000004
INT2IF                            00000001
INT2IP                            00000007
INT2P                             00000007
INTCON                            00000FF2
INTCON2                           00000FF1
INTCON3                           00000FF0
INTEDG0                           00000006
INTEDG1                           00000005
INTEDG2                           00000004
INTSRC                            00000007
IOFS                              00000002
IPEN                              00000007
IPR1                              00000F9F
IPR2                              00000FA2
IRCF0                             00000004
IRCF1                             00000005
IRCF2                             00000006
IRVST                             00000005
IVRST                             00000005
LATA                              00000F89
LATA0                             00000000
LATA1                             00000001
MPASM 5.68                      COINMAIN.ASM   8-10-2016  0:50:58         PAGE 22


SYMBOL TABLE
  LABEL                             VALUE 

LATA2                             00000002
LATA3                             00000003
LATA4                             00000004
LATA5                             00000005
LATA6                             00000006
LATB                              00000F8A
LATB0                             00000000
LATB1                             00000001
LATB2                             00000002
LATB3                             00000003
LATB4                             00000004
LATB5                             00000005
LATB6                             00000006
LATB7                             00000007
LATC                              00000F8B
LATC0                             00000000
LATC1                             00000001
LATC2                             00000002
LATC6                             00000006
LATC7                             00000007
LCD1                              000003B6
LCDBank                           00000388
LCDCover                          00000340
LCDInsertC                        00000358
LCDNInsertC                       00000370
LED1                              LATA,3
LED2                              LATA,4
LED3                              LATA,2
LEDsGreen                         000002BA
LEDsRed                           000002AC
LVDCON                            00000FD2
LVDEN                             00000004
LVDIE                             00000002
LVDIF                             00000002
LVDIN                             00000005
LVDIP                             00000002
LVDL0                             00000000
LVDL1                             00000001
LVDL2                             00000002
LVDL3                             00000003
LVV0                              00000000
LVV1                              00000001
LVV2                              00000002
LVV3                              00000003
MODE8BIT5x8M                      0x38
N                                 00000004
NOT_A                             00000005
NOT_ADDRESS                       00000005
NOT_BOR                           00000000
NOT_DONE                          00000001
NOT_IPEN                          00000007
NOT_PD                            00000002
NOT_POR                           00000001
MPASM 5.68                      COINMAIN.ASM   8-10-2016  0:50:58         PAGE 23


SYMBOL TABLE
  LABEL                             VALUE 

NOT_RBPU                          00000007
NOT_RI                            00000004
NOT_T1SYNC                        00000002
NOT_T3SYNC                        00000002
NOT_TO                            00000003
NOT_W                             00000002
NOT_WRITE                         00000002
OERR                              00000001
OSC2                              00000006
OSCCON                            00000FD3
OSCFIE                            00000007
OSCFIF                            00000007
OSCFIP                            00000007
OSCTUNE                           00000F9B
OSTS                              00000003
OV                                00000003
P                                 00000004
P1A                               00000002
PC                                00000FF9
PCFG0                             00000000
PCFG1                             00000001
PCFG2                             00000002
PCFG3                             00000003
PCL                               00000FF9
PCLATH                            00000FFA
PCLATU                            00000FFB
PD                                00000002
PEIE                              00000006
PEIE_GIEL                         00000006
PEN                               00000002
PGC                               00000006
PGD                               00000007
PGM                               00000005
PIDEE                             00000000
PIDEF                             00000000
PIE1                              00000F9D
PIE2                              00000FA0
PIR1                              00000F9E
PIR2                              00000FA1
PKTDIS                            00000004
PLUSW0                            00000FEB
PLUSW1                            00000FE3
PLUSW2                            00000FDB
POR                               00000001
PORTA                             00000F80
PORTB                             00000F81
PORTC                             00000F82
PORTE                             00000F84
POSTDEC0                          00000FED
POSTDEC1                          00000FE5
POSTDEC2                          00000FDD
POSTINC0                          00000FEE
POSTINC1                          00000FE6
MPASM 5.68                      COINMAIN.ASM   8-10-2016  0:50:58         PAGE 24


SYMBOL TABLE
  LABEL                             VALUE 

POSTINC2                          00000FDE
PPB0                              00000000
PPB1                              00000001
PPBI                              00000001
PPBRST                            00000006
PR2                               00000FCB
PREINC0                           00000FEC
PREINC1                           00000FE4
PREINC2                           00000FDC
PROD                              00000FF3
PRODH                             00000FF4
PRODL                             00000FF3
PRSEN                             00000007
PSA                               00000003
PSSAC0                            00000002
PSSAC1                            00000003
Pulsador1                         PORTC,5
Pulsador2                         PORTC,4
Pulsador3                         PORTC,1
R                                 00000002
RA0                               00000000
RA1                               00000001
RA2                               00000002
RA3                               00000003
RA4                               00000004
RA5                               00000005
RA6                               00000006
RB0                               00000000
RB1                               00000001
RB2                               00000002
RB3                               00000003
RB4                               00000004
RB5                               00000005
RB6                               00000006
RB7                               00000007
RBIE                              00000003
RBIF                              00000000
RBIP                              00000000
RBPU                              00000007
RC0                               00000000
RC1                               00000001
RC2                               00000002
RC4                               00000004
RC5                               00000005
RC6                               00000006
RC7                               00000007
RCEN                              00000003
RCIDL                             00000006
RCIE                              00000005
RCIF                              00000005
RCIP                              00000005
RCMT                              00000006
RCON                              00000FD0
MPASM 5.68                      COINMAIN.ASM   8-10-2016  0:50:58         PAGE 25


SYMBOL TABLE
  LABEL                             VALUE 

RCREG                             00000FAE
RCSTA                             00000FAB
RD                                00000000
RD16                              00000007
RE3                               00000003
READ_WRITE                        00000002
RESUME                            00000002
RI                                00000004
RS                                LATA,0
RSEN                              00000001
RX                                00000007
RX9                               00000006
RX9D                              00000000
RXDTP                             00000005
R_NOT_W                           00000002
R_W                               00000002
Red                               LATB,3
S                                 00000003
S200                              00000408
S500                              000003EE
SBOREN                            00000006
SCKP                              00000004
SCS0                              00000000
SCS1                              00000001
SE0                               00000005
SECONDLINE                        0xC0
SEN                               00000000
SENDB                             00000003
SIGNPESOS                         0x24
SMP                               00000007
SOFIE                             00000006
SOFIF                             00000006
SPBRG                             00000FAF
SPBRGH                            00000FB0
SPEN                              00000007
SREN                              00000005
SSPADD                            00000FC8
SSPBUF                            00000FC9
SSPCON1                           00000FC6
SSPCON2                           00000FC5
SSPEN                             00000005
SSPIE                             00000003
SSPIF                             00000003
SSPIP                             00000003
SSPM0                             00000000
SSPM1                             00000001
SSPM2                             00000002
SSPM3                             00000003
SSPOV                             00000006
SSPSTAT                           00000FC7
STALLIE                           00000005
STALLIF                           00000005
STATUS                            00000FD8
MPASM 5.68                      COINMAIN.ASM   8-10-2016  0:50:58         PAGE 26


SYMBOL TABLE
  LABEL                             VALUE 

STKFUL                            00000007
STKOVF                            00000007
STKPTR                            00000FFC
STKPTR0                           00000000
STKPTR1                           00000001
STKPTR2                           00000002
STKPTR3                           00000003
STKPTR4                           00000004
STKUNF                            00000006
SUSPND                            00000001
SWDTE                             00000000
SWDTEN                            00000000
SYNC                              00000004
Stime                             0000006D
T08BIT                            00000006
T0CKI                             00000004
T0CON                             00000FD5
T0CS                              00000005
T0IE                              00000005
T0IF                              00000002
T0IP                              00000002
T0PS0                             00000000
T0PS1                             00000001
T0PS2                             00000002
T0SE                              00000004
T13CKI                            00000000
T1CKPS0                           00000004
T1CKPS1                           00000005
T1CON                             00000FCD
T1OSCEN                           00000003
T1OSI                             00000001
T1OSO                             00000000
T1RUN                             00000006
T1SYNC                            00000002
T2CKPS0                           00000000
T2CKPS1                           00000001
T2CON                             00000FCA
T2OUTPS0                          00000003
T2OUTPS1                          00000004
T2OUTPS2                          00000005
T2OUTPS3                          00000006
T3CCP1                            00000003
T3CCP2                            00000006
T3CKPS0                           00000004
T3CKPS1                           00000005
T3CON                             00000FB1
T3LED                             b'00111000'
T3NSYNC                           00000002
T3SYNC                            00000002
TABLAT                            00000FF5
TBLPTR                            00000FF6
TBLPTRH                           00000FF7
TBLPTRL                           00000FF6
MPASM 5.68                      COINMAIN.ASM   8-10-2016  0:50:58         PAGE 27


SYMBOL TABLE
  LABEL                             VALUE 

TBLPTRU                           00000FF8
THIRDLINE                         0x94
TMR0                              00000FD6
TMR0H                             00000FD7
TMR0IE                            00000005
TMR0IF                            00000002
TMR0IP                            00000002
TMR0L                             00000FD6
TMR0ON                            00000007
TMR1                              00000FCE
TMR1CS                            00000001
TMR1H                             00000FCF
TMR1IE                            00000000
TMR1IF                            00000000
TMR1IP                            00000000
TMR1L                             00000FCE
TMR1ON                            00000000
TMR2                              00000FCC
TMR2IE                            00000001
TMR2IF                            00000001
TMR2IP                            00000001
TMR2ON                            00000002
TMR3                              00000FB2
TMR3CS                            00000001
TMR3H                             00000FB3
TMR3IE                            00000001
TMR3IF                            00000001
TMR3IP                            00000001
TMR3L                             00000FB2
TMR3ON                            00000000
TO                                00000003
TOS                               00000FFD
TOSH                              00000FFE
TOSL                              00000FFD
TOSU                              00000FFF
TOUTPS0                           00000003
TOUTPS1                           00000004
TOUTPS2                           00000005
TOUTPS3                           00000006
TRISA                             00000F92
TRISA0                            00000000
TRISA1                            00000001
TRISA2                            00000002
TRISA3                            00000003
TRISA4                            00000004
TRISA5                            00000005
TRISA6                            00000006
TRISB                             00000F93
TRISB0                            00000000
TRISB1                            00000001
TRISB2                            00000002
TRISB3                            00000003
TRISB4                            00000004
MPASM 5.68                      COINMAIN.ASM   8-10-2016  0:50:58         PAGE 28


SYMBOL TABLE
  LABEL                             VALUE 

TRISB5                            00000005
TRISB6                            00000006
TRISB7                            00000007
TRISButtons                       b'00000000'
TRISC                             00000F94
TRISC0                            00000000
TRISC1                            00000001
TRISC2                            00000002
TRISC6                            00000006
TRISC7                            00000007
TRMT                              00000001
TRNIE                             00000003
TRNIF                             00000003
TUN0                              00000000
TUN1                              00000001
TUN2                              00000002
TUN3                              00000003
TUN4                              00000004
TX                                00000006
TX9                               00000006
TX9D                              00000000
TXCKP                             00000004
TXEN                              00000005
TXIE                              00000004
TXIF                              00000004
TXIP                              00000004
TXREG                             00000FAD
TXSTA                             00000FAC
TXSUB                             0000042C
Tcoin                             00000065
UA                                00000001
UADDR                             00000F6E
UCFG                              00000F6F
UCON                              00000F6D
UEIE                              00000F6B
UEIR                              00000F6A
UEP0                              00000F70
UEP1                              00000F71
UEP10                             00000F7A
UEP11                             00000F7B
UEP12                             00000F7C
UEP13                             00000F7D
UEP14                             00000F7E
UEP15                             00000F7F
UEP2                              00000F72
UEP3                              00000F73
UEP4                              00000F74
UEP5                              00000F75
UEP6                              00000F76
UEP7                              00000F77
UEP8                              00000F78
UEP9                              00000F79
UERRIE                            00000001
MPASM 5.68                      COINMAIN.ASM   8-10-2016  0:50:58         PAGE 29


SYMBOL TABLE
  LABEL                             VALUE 

UERRIF                            00000001
UFRM                              00000F66
UFRMH                             00000F67
UFRML                             00000F66
UIE                               00000F69
UIR                               00000F68
UOEMON                            00000006
UPUEN                             00000004
URSTIE                            00000000
URSTIF                            00000000
USBEN                             00000003
USBIE                             00000005
USBIF                             00000005
USBIP                             00000005
USTAT                             00000F6C
UTEYE                             00000007
UTRDIS                            00000003
VCFG0                             00000004
VCFG1                             00000005
VDIRMAG                           00000007
VREFM                             00000002
VREFP                             00000003
W                                 00000000
WCOL                              00000007
WDTCON                            00000FD1
WR                                00000001
WREG                              00000FE8
WREN                              00000002
WRERR                             00000003
WUE                               00000001
Z                                 00000002
_BORV_0_2L                        000000E7
_BORV_1_2L                        000000EF
_BORV_2_2L                        000000F7
_BORV_3_2L                        000000FF
_BOR_OFF_2L                       000000F9
_BOR_ON_2L                        000000FF
_BOR_ON_ACTIVE_2L                 000000FD
_BOR_SOFT_2L                      000000FB
_CCP2MX_OFF_3H                    000000FE
_CCP2MX_ON_3H                     000000FF
_CONFIG1H                         00300001
_CONFIG1L                         00300000
_CONFIG2H                         00300003
_CONFIG2L                         00300002
_CONFIG3H                         00300005
_CONFIG4L                         00300006
_CONFIG5H                         00300009
_CONFIG5L                         00300008
_CONFIG6H                         0030000B
_CONFIG6L                         0030000A
_CONFIG7H                         0030000D
_CONFIG7L                         0030000C
MPASM 5.68                      COINMAIN.ASM   8-10-2016  0:50:58         PAGE 30


SYMBOL TABLE
  LABEL                             VALUE 

_CP0_OFF_5L                       000000FF
_CP0_ON_5L                        000000FE
_CP1_OFF_5L                       000000FF
_CP1_ON_5L                        000000FD
_CP2_OFF_5L                       000000FF
_CP2_ON_5L                        000000FB
_CP3_OFF_5L                       000000FF
_CP3_ON_5L                        000000F7
_CPB_OFF_5H                       000000FF
_CPB_ON_5H                        000000BF
_CPD_OFF_5H                       000000FF
_CPD_ON_5H                        0000007F
_CPUDIV_OSC1_PLL2_1L              000000E7
_CPUDIV_OSC2_PLL3_1L              000000EF
_CPUDIV_OSC3_PLL4_1L              000000F7
_CPUDIV_OSC4_PLL6_1L              000000FF
_DEBUG_OFF_4L                     000000FF
_DEBUG_ON_4L                      0000007F
_DEVID1                           003FFFFE
_DEVID2                           003FFFFF
_EBTR0_OFF_7L                     000000FF
_EBTR0_ON_7L                      000000FE
_EBTR1_OFF_7L                     000000FF
_EBTR1_ON_7L                      000000FD
_EBTR2_OFF_7L                     000000FF
_EBTR2_ON_7L                      000000FB
_EBTR3_OFF_7L                     000000FF
_EBTR3_ON_7L                      000000F7
_EBTRB_OFF_7H                     000000FF
_EBTRB_ON_7H                      000000BF
_FCMEN_OFF_1H                     000000BF
_FCMEN_ON_1H                      000000FF
_FOSC_ECIO_EC_1H                  000000F4
_FOSC_ECPLLIO_EC_1H               000000F6
_FOSC_ECPLL_EC_1H                 000000F7
_FOSC_EC_EC_1H                    000000F5
_FOSC_HSPLL_HS_1H                 000000FE
_FOSC_HS_1H                       000000FC
_FOSC_INTOSCIO_EC_1H              000000F8
_FOSC_INTOSC_EC_1H                000000F9
_FOSC_INTOSC_HS_1H                000000FB
_FOSC_INTOSC_XT_1H                000000FA
_FOSC_XTPLL_XT_1H                 000000F2
_FOSC_XT_XT_1H                    000000F0
_IDLOC0                           00200000
_IDLOC1                           00200001
_IDLOC2                           00200002
_IDLOC3                           00200003
_IDLOC4                           00200004
_IDLOC5                           00200005
_IDLOC6                           00200006
_IDLOC7                           00200007
_IESO_OFF_1H                      0000007F
MPASM 5.68                      COINMAIN.ASM   8-10-2016  0:50:58         PAGE 31


SYMBOL TABLE
  LABEL                             VALUE 

_IESO_ON_1H                       000000FF
_LPT1OSC_OFF_3H                   000000FB
_LPT1OSC_ON_3H                    000000FF
_LVP_OFF_4L                       000000FB
_LVP_ON_4L                        000000FF
_MCLRE_OFF_3H                     0000007F
_MCLRE_ON_3H                      000000FF
_PBADEN_OFF_3H                    000000FD
_PBADEN_ON_3H                     000000FF
_PLLDIV_10_1L                     000000FE
_PLLDIV_12_1L                     000000FF
_PLLDIV_1_1L                      000000F8
_PLLDIV_2_1L                      000000F9
_PLLDIV_3_1L                      000000FA
_PLLDIV_4_1L                      000000FB
_PLLDIV_5_1L                      000000FC
_PLLDIV_6_1L                      000000FD
_PWRT_OFF_2L                      000000FF
_PWRT_ON_2L                       000000FE
_STVREN_OFF_4L                    000000FE
_STVREN_ON_4L                     000000FF
_USBDIV_1_1L                      000000DF
_USBDIV_2_1L                      000000FF
_VREGEN_OFF_2L                    000000DF
_VREGEN_ON_2L                     000000FF
_WDTPS_1024_2H                    000000F5
_WDTPS_128_2H                     000000EF
_WDTPS_16384_2H                   000000FD
_WDTPS_16_2H                      000000E9
_WDTPS_1_2H                       000000E1
_WDTPS_2048_2H                    000000F7
_WDTPS_256_2H                     000000F1
_WDTPS_2_2H                       000000E3
_WDTPS_32768_2H                   000000FF
_WDTPS_32_2H                      000000EB
_WDTPS_4096_2H                    000000F9
_WDTPS_4_2H                       000000E5
_WDTPS_512_2H                     000000F3
_WDTPS_64_2H                      000000ED
_WDTPS_8192_2H                    000000FB
_WDTPS_8_2H                       000000E7
_WDT_OFF_2H                       000000FE
_WDT_ON_2H                        000000FF
_WRT0_OFF_6L                      000000FF
_WRT0_ON_6L                       000000FE
_WRT1_OFF_6L                      000000FF
_WRT1_ON_6L                       000000FD
_WRT2_OFF_6L                      000000FF
_WRT2_ON_6L                       000000FB
_WRT3_OFF_6L                      000000FF
_WRT3_ON_6L                       000000F7
_WRTB_OFF_6H                      000000FF
_WRTB_ON_6H                       000000BF
MPASM 5.68                      COINMAIN.ASM   8-10-2016  0:50:58         PAGE 32


SYMBOL TABLE
  LABEL                             VALUE 

_WRTC_OFF_6H                      000000FF
_WRTC_ON_6H                       000000DF
_WRTD_OFF_6H                      000000FF
_WRTD_ON_6H                       0000007F
_XINST_OFF_4L                     000000BF
_XINST_ON_4L                      000000FF
__18F2550                         00000001
__DEBUG                           
__MPLAB_DEBUGGER_SIMULATOR        1
banknumber                        00000286
blink                             00000063
buttonPushed                      00000064
choosebank                        00000034
clc                               00000071
clear                             00000422
cmp60                             00000116
coin                              00000066
command                           000002D2
ctrlcd                            00000500
d0                                00000460
d1                                00000466
d2                                00000472
delay10ms                         0000045C
delayW0ms                         00000470
delayvar                          00000060
dirnum                            000001DE
enablepulse                       000002CA
greater9                          0000006E
greater99                         00000076
gt10                              00000198
gt12                              000001A0
initccp                           000003C4
initialconfigLCD                  00000312
main                              0000000C
mainInsertC                       00000024
msg1                              00000506
msg2                              0000051C
msg3                              00000532
msg4                              00000548
msg5                              0000055E
msg6                              00000574
msg7                              000005A8
ncoin                             00000588
nsend                             00000073
pdata                             000002E2
portasdigital                     0x0F
portsAsDigital                    0x0F
read1                             0000023C
read2                             00000208
readbutton                        000001EC
rein                              00000018
rr1                               00000252
se1                               00000066
MPASM 5.68                      COINMAIN.ASM   8-10-2016  0:50:58         PAGE 33


SYMBOL TABLE
  LABEL                             VALUE 

se11                              0000005E
senddata                          0000044C
sepa1                             00000180
sepa2                             00000190
separateC                         00000054
separate_time1                    00000178
separate_time2                    00000188
set1                              00000304
setLCDup                          000002F2
show1                             000001CE
showMoney                         0000007E
showc                             000000C6
showd                             000000D2
showthanks                        00000294
showtime                          000000EA
showtime1t                        00000148
showtime1u                        00000154
showtimet                         00000160
showtimeu                         0000016C
showu                             000000DE
sub60                             000001A8
t0                                000001C4
t1                                000001BA
t2                                000001B0
targetbank                        00000260
time                              0000006B
txdata                            00000072
wait                              0000044E

Errors   :     0
Warnings :     0 reported,     0 suppressed
Messages :     0 reported,     0 suppressed

