MPASM 5.68                      COINMAIN.ASM   8-7-2016  21:42:55         PAGE  1


LOC  OBJECT CODE     LINE SOURCE TEXT
  VALUE

                      00001  #include "configurationbits.h"
                      00001 #include "p18F2550.inc"
                      00001         LIST
                      00002 
                      00003 ;==========================================================================
                      00004 ; Build date : May 15 2016
                      00005 ;  MPASM PIC18F2550 processor include
                      00006 ; 
                      00007 ;  (c) Copyright 1999-2016 Microchip Technology, All rights reserved
                      00008 ;==========================================================================
                      00009 
                      01578         LIST
                      00002 
                      00003 ; CONFIG1L
                      00004   CONFIG  PLLDIV = 1            ; PLL Prescaler Selection bits (No prescale (4 MHz oscillator input driv
                            es PLL directly))
                      00005   CONFIG  CPUDIV = OSC1_PLL2    ; System Clock Postscaler Selection bits ([Primary Oscillator Src: /1][9
                            6 MHz PLL Src: /2])
                      00006   CONFIG  USBDIV = 1            ; USB Clock Selection bit (used in Full-Speed USB mode only; UCFG:FSEN =
                             1) (USB clock source comes directly from the primary oscillator block with no postscale)
                      00007 
                      00008 ; CONFIG1H
                      00009   CONFIG  FOSC = INTOSC_XT         ; Oscillator Selection bits (XT oscillator (XT))
                      00010   CONFIG  FCMEN = OFF           ; Fail-Safe Clock Monitor Enable bit (Fail-Safe Clock Monitor disabled)
                      00011   CONFIG  IESO = OFF            ; Internal/External Oscillator Switchover bit (Oscillator Switchover mod
                            e disabled)
                      00012 
                      00013 ; CONFIG2L
                      00014   CONFIG  PWRT = OFF            ; Power-up Timer Enable bit (PWRT disabled)
                      00015   CONFIG  BOR = OFF             ; Brown-out Reset Enable bits (Brown-out Reset disabled in hardware and 
                            software)
                      00016   CONFIG  BORV = 3              ; Brown-out Reset Voltage bits (Minimum setting 2.05V)
                      00017   CONFIG  VREGEN = OFF          ; USB Voltage Regulator Enable bit (USB voltage regulator disabled)
                      00018 
                      00019 ; CONFIG2H
                      00020   CONFIG  WDT = OFF             ; Watchdog Timer Enable bit (WDT disabled (control is placed on the SWDT
                            EN bit))
                      00021   CONFIG  WDTPS = 32768         ; Watchdog Timer Postscale Select bits (1:32768)
                      00022 
                      00023 ; CONFIG3H
                      00024   CONFIG  CCP2MX = OFF          ; CCP2 MUX bit (CCP2 input/output is multiplexed with RB3)
                      00025   CONFIG  PBADEN = OFF          ; PORTB A/D Enable bit (PORTB<4:0> pins are configured as digital I/O on
                             Reset)
                      00026   CONFIG  LPT1OSC = OFF         ; Low-Power Timer 1 Oscillator Enable bit (Timer1 configured for higher 
                            power operation)
                      00027   CONFIG  MCLRE = ON            ; MCLR Pin Enable bit (MCLR pin enabled; RE3 input pin disabled)
                      00028 
                      00029 ; CONFIG4L
                      00030   CONFIG  STVREN = OFF          ; Stack Full/Underflow Reset Enable bit (Stack full/underflow will not c
                            ause Reset)
                      00031   CONFIG  LVP = OFF             ; Single-Supply ICSP Enable bit (Single-Supply ICSP disabled)
                      00032   CONFIG  XINST = OFF           ; Extended Instruction Set Enable bit (Instruction set extension and Ind
                            exed Addressing mode disabled (Legacy mode))
MPASM 5.68                      COINMAIN.ASM   8-7-2016  21:42:55         PAGE  2


LOC  OBJECT CODE     LINE SOURCE TEXT
  VALUE

                      00033 
                      00034 ; CONFIG5L
                      00035   CONFIG  CP0 = OFF             ; Code Protection bit (Block 0 (000800-001FFFh) is not code-protected)
                      00036   CONFIG  CP1 = OFF             ; Code Protection bit (Block 1 (002000-003FFFh) is not code-protected)
                      00037   CONFIG  CP2 = OFF             ; Code Protection bit (Block 2 (004000-005FFFh) is not code-protected)
                      00038   CONFIG  CP3 = OFF             ; Code Protection bit (Block 3 (006000-007FFFh) is not code-protected)
                      00039 
                      00040 ; CONFIG5H
                      00041   CONFIG  CPB = OFF             ; Boot Block Code Protection bit (Boot block (000000-0007FFh) is not cod
                            e-protected)
                      00042   CONFIG  CPD = OFF             ; Data EEPROM Code Protection bit (Data EEPROM is not code-protected)
                      00043 
                      00044 ; CONFIG6L
                      00045   CONFIG  WRT0 = OFF            ; Write Protection bit (Block 0 (000800-001FFFh) is not write-protected)
                      00046   CONFIG  WRT1 = OFF            ; Write Protection bit (Block 1 (002000-003FFFh) is not write-protected)
                      00047   CONFIG  WRT2 = OFF            ; Write Protection bit (Block 2 (004000-005FFFh) is not write-protected)
                      00048   CONFIG  WRT3 = OFF            ; Write Protection bit (Block 3 (006000-007FFFh) is not write-protected)
                      00049 
                      00050 ; CONFIG6H
                      00051   CONFIG  WRTC = OFF            ; Configuration Register Write Protection bit (Configuration registers (
                            300000-3000FFh) are not write-protected)
                      00052   CONFIG  WRTB = OFF            ; Boot Block Write Protection bit (Boot block (000000-0007FFh) is not wr
                            ite-protected)
                      00053   CONFIG  WRTD = OFF            ; Data EEPROM Write Protection bit (Data EEPROM is not write-protected)
                      00054 
                      00055 ; CONFIG7L
                      00056   CONFIG  EBTR0 = OFF           ; Table Read Protection bit (Block 0 (000800-001FFFh) is not protected f
                            rom table reads executed in other blocks)
                      00057   CONFIG  EBTR1 = OFF           ; Table Read Protection bit (Block 1 (002000-003FFFh) is not protected f
                            rom table reads executed in other blocks)
                      00058   CONFIG  EBTR2 = OFF           ; Table Read Protection bit (Block 2 (004000-005FFFh) is not protected f
                            rom table reads executed in other blocks)
                      00059   CONFIG  EBTR3 = OFF           ; Table Read Protection bit (Block 3 (006000-007FFFh) is not protected f
                            rom table reads executed in other blocks)
                      00060 
                      00061 ; CONFIG7H
                      00062   CONFIG  EBTRB = OFF           ; Boot Block Table Read Protection bit (Boot block (000000-0007FFh) is n
                            ot protected from table reads executed in other blocks)
                      00063 
                      00002  ;****************************************************PREPROCESOR DIRECTIVES LCD
                      00003      #define portsAsDigital 0x0F ;  Entradas digitales
                      00004     #define DATAB LATB ; D0-D7
                      00005     #define RS LATA,0
                      00006     #define E  LATA,1
                      00007     #define CLEARSCREEN 0x01
                      00008     #define DISPLAYON 0x0C
                      00009     #define DISPLAYOFF 0x0A
                      00010     #define FIRSTLINE 0x80
                      00011     #define FIRST4LINE 0x84
                      00012     #define SECONDLINE 0xC0
                      00013     #define THIRDLINE 0x94
                      00014     #define FOURTHLINE 0xD4
                      00015     #define MODE8BIT5x8M 0x38
MPASM 5.68                      COINMAIN.ASM   8-7-2016  21:42:55         PAGE  3


LOC  OBJECT CODE     LINE SOURCE TEXT
  VALUE

                      00016     #define SIGNPESOS  0x24
                      00017     
                      00018  ;***************************************PREPROCESOR DIRECTIVES LEDS AND BUTTONS
                      00019  #define Pulsador1 PORTC,5
                      00020  #define Pulsador2 PORTC,4
                      00021  #define Pulsador3 PORTC,1 
                      00022  #define Red LATB,3
                      00023  #define Green LATB,4
                      00024  #define Blue LATB,5
                      00025  #define LED1 LATA,3
                      00026  #define LED2 LATA,4
                      00027  #define LED3 LATA,2
                      00028  #define portasdigital 0x0F
                      00029  #define T3LED b'00111000'; COLORS
                      00030  #define TRISButtons b'00000000'
                      00031  
                      00032  ;********************************************PREPROCESOR DIRECTIVES FOR UART
                      00033     #define BR9600 0x19  ; Actually it should be 25.2
                      00034     #define ASYNH8b b'00100100' ; Asyncronous mode, high speed, enable 
                      00035  
                      00036 
                      00037     CBLOCK 0x60
  00000060            00038     delayvar:3
  00000063            00039     blink ; number of times of blinking of a led
  00000064            00040     buttonPushed ; button that has been pushed
  00000065            00041     Tcoin ; total acumulate coins
  00000066            00042     dTcoin ; tens of the total coin ingresed
  00000067            00043     uTcoin ; units of the total coin ingresed
  00000068            00044     FLAG  ; if it has been ingresed a coin 
  00000069            00045     FLAG2 ; flag if it has been produced a interrupt
  0000006A            00046     time
  0000006B            00047     utime ; units of time
  0000006C            00048     ttime ; tens of time
  0000006D            00049     ctime  ; hundreds of time
  0000006E            00050     clc; only is executed one time
  0000006F            00051     txdata
  00000070            00052     nsend ;number of times that txdata is send
                      00053     ENDC
                      00054     
                      00055     org 0
000000 EF?? F???      00056     goto main
                      00057     org 8
000008 EF?? F???      00058     goto CCPISR
                      00059     
00000C                00060 main:
00000C EC?? F???      00061     call initialconfigLCD ; get ready MCU to send data to display
000010 EC?? F???      00062     call setLCDup ; initial configuration for LCD    
000014 EC?? F???      00063     call LCDCover ;Main Cover
000018 EC?? F???      00064     call initccp ; initialize interruption for CCP
00001C EC?? F???      00065     call LEDsRed ; initial configuration for use LEDs 
                      00066     ;**** Here must be there the code initializate the interruption TO CALL READ BUTTON
                      00067     ;call readbutton ;
000020                00068 mainInsertC: 
MPASM 5.68                      COINMAIN.ASM   8-7-2016  21:42:55         PAGE  4


LOC  OBJECT CODE     LINE SOURCE TEXT
  VALUE

000020 EC?? F???      00069     call LCDInsertC ;Insert a Coin
000024 0E50           00070     movlw 0x50 
000026 EC?? F???      00071     call delayW0ms ;170ms delay
00002A EC?? F???      00072     call LCDNInsertC   
                      00073     
00002E 6765           00074     tstfsz Tcoin 
000030 D???           00075     bra choosebank ; It has been added a coin 
000032 D???           00076     bra mainInsertC
000034 D???           00077     bra main
                      00078     
000036                00079 choosebank: ;display and shows the messages when a coin has been ingresed
000036 EC?? F???      00080     call LCDBank ; shows a message
00003A EC?? F???      00081     call separateC ; separate a number
00003E EC?? F???      00082     call showMoney
000042 EC?? F???      00083     call LEDsGreen
000046 EC?? F???      00084     call readbutton
                      00085     ;call send data to servo
00004A 6B65           00086     clrf Tcoin ; esta linea va en la anterior subrutina
00004C 6B68           00087     clrf FLAG
                      00088    ; goto $
00004E 0012           00089     return
                      00090 ;****************************Separation of units and tens of the count subrutine
000050                00091 separateC:
000050 6B67           00092     clrf uTcoin
000052 6B66           00093     clrf dTcoin
000054 5165           00094     movf Tcoin,W
000056 6F67           00095     movwf uTcoin
000058 0E09           00096 se1:    movlw 0x09
00005A 6567           00097     cpfsgt uTcoin
00005C 0012           00098     return 
00005E D???           00099     bra greater9
                      00100        
000060                00101 greater9: ;-------------------------if the total count is greater than 1000    
000060 0E0A           00102     movlw 0x0A
000062 5F67           00103     subwf uTcoin,F
000064 2B66           00104     incf dTcoin,F
000066 D???           00105     bra se1
                      00106 ;****************************************show the money subrutine
000068                00107 showMoney:
000068 6B69           00108     clrf FLAG2
00006A EC?? F???      00109     call dirnum
00006E 0E20           00110     movlw ' '
000070 EC?? F???      00111     call pdata
000074 0E20           00112     movlw ' '
000076 EC?? F???      00113     call pdata
00007A 0E20           00114     movlw ' '
00007C EC?? F???      00115     call pdata
000080 0E20           00116     movlw ' '
000082 EC?? F???      00117     call pdata
000086 0E24           00118     movlw SIGNPESOS
000088 EC?? F???      00119     call pdata
00008C 6766           00120     tstfsz dTcoin
00008E EC?? F???      00121     call showd ;show tens
MPASM 5.68                      COINMAIN.ASM   8-7-2016  21:42:55         PAGE  5


LOC  OBJECT CODE     LINE SOURCE TEXT
  VALUE

000092 EC?? F???      00122     call dirnum ; point numbers
000096 EC?? F???      00123     call showu ;show units
                      00124     
00009A 0E30           00125     movlw '0'
00009C EC?? F???      00126     call pdata
0000A0 0E30           00127     movlw '0'
0000A2 EC?? F???      00128     call pdata
0000A6 0E20           00129     movlw ' '
0000A8 EC?? F???      00130     call pdata
0000AC 0E20           00131     movlw ' '
0000AE EC?? F???      00132     call pdata
0000B2 0E20           00133     movlw ' '
0000B4 EC?? F???      00134     call pdata
                      00135     
0000B8 0E05           00136     movlw 0x05
0000BA 0365           00137     mulwf Tcoin
0000BC CFF3 F06A      00138     movff PRODL,time ; calc the product
0000C0 EC?? F???      00139     call separateT
0000C4 EC?? F???      00140     call dirnum ; point numbers from 0
0000C8 516D           00141     movf ctime,W
0000CA EC?? F???      00142     call showdt ;show centenas
0000CE EC?? F???      00143     call dirnum ; point numbers from 0
0000D2 516C           00144     movf ttime,W
0000D4 EC?? F???      00145     call showdt ;show tens
0000D8 EC?? F???      00146     call dirnum ; point numbers from 0
0000DC 516B           00147     movf utime,W
0000DE EC?? F???      00148     call showut ;show units
0000E2 0E6D           00149     movlw 'm'
0000E4 EC?? F???      00150     call pdata
0000E8 0E69           00151     movlw 'i'
0000EA EC?? F???      00152     call pdata
0000EE 0E6E           00153     movlw 'n'
0000F0 EC?? F???      00154     call pdata
0000F4 0012           00155     return
                      00156 
0000F6                00157 separateT:
0000F6 6B6D           00158     clrf ctime
0000F8 6B6B           00159     clrf utime
0000FA 6B6C           00160     clrf ttime
0000FC C06A F06B      00161     movff time,utime
000100 EC?? F???      00162     call sep0
000104 EC?? F???      00163     call sep1
000108 0012           00164     return
                      00165     
00010A 0E63           00166 sep0:movlw d'99'
00010C 656B           00167     cpfsgt utime
00010E 0012           00168     return 
000110 D???           00169     bra greater100t
                      00170     
000112 0E09           00171 sep1:    movlw 0x09
000114 656B           00172     cpfsgt utime
000116 0012           00173     return 
000118 D???           00174     bra greater9t
MPASM 5.68                      COINMAIN.ASM   8-7-2016  21:42:55         PAGE  6


LOC  OBJECT CODE     LINE SOURCE TEXT
  VALUE

                      00175     
00011A                00176 greater100t:
00011A 0E64           00177     movlw d'100'
00011C 5F6B           00178     subwf utime,F
00011E 2B6D           00179     incf ctime,F
000120 D???           00180     bra sep0
                      00181     
000122                00182 greater9t: ;-------------------------if the total count is greater than 1000    
000122 0E0A           00183     movlw 0x0A
000124 5F6B           00184     subwf utime,F
000126 2B6C           00185     incf ttime,F
000128 D???           00186     bra sep1
                      00187     
00012A                00188 showd:  
00012A 5166           00189     movf dTcoin,W ;decenas
00012C                00190 showdt:    
00012C 26F6           00191     addwf TBLPTRL
00012E B0D8           00192     btfsc STATUS,C
000130 2AF7           00193     incf TBLPTRH,F
000132 EC?? F???      00194     call show1
000136 0012           00195     return
000138                00196 showu:    
000138 5167           00197     movf uTcoin,W ;unidades
00013A                00198 showut:    
00013A 26F6           00199     addwf TBLPTRL
00013C B0D8           00200     btfsc STATUS,C
00013E 2AF7           00201     incf TBLPTRH,F
000140 EC?? F???      00202     call show1
000144 0012           00203     return
000146                00204 show1:
000146 0008           00205     TBLRD* ;move de data to TABLAT
000148 50F5           00206     movf TABLAT,W
00014A EC?? F???      00207     call pdata
00014E 0012           00208     return
                      00209     
                      00210 ;****************************subrutien to point direction numbers
000150                00211 dirnum:    
000150 0E??           00212     movlw low ncoin
000152 6EF6           00213     movwf TBLPTRL
000154 0E??           00214     movlw high ncoin
000156 6EF7           00215     movwf TBLPTRH
000158 0E??           00216     movlw upper ncoin
00015A 6EF8           00217     movwf TBLPTRU
00015C 0012           00218     return
                      00219 ;***************************************************** READING BUTTONS SUBRUTINE    
00015E                00220 readbutton:
00015E 6968           00221     setf FLAG ; To indicate that has been ingresed a coin
000160 0E0A           00222     movlw 0x0A
000162 6F63           00223     movwf blink ; init var blink
000164 EC?? F???      00224     call read1 ; return the number of the button pushed
000168 6A93           00225     clrf TRISB ; data direction
00016A 6F64           00226     movwf buttonPushed ; save the return var in this. According to the bit 
00016C 0E38           00227     movlw T3LED    
MPASM 5.68                      COINMAIN.ASM   8-7-2016  21:42:55         PAGE  7


LOC  OBJECT CODE     LINE SOURCE TEXT
  VALUE

00016E 6E8A           00228     movwf LATB ;LEDsOFF 'colors'A
000170 6A89           00229     clrf LATA ;OFF Anode
000172 B164           00230     btfsc buttonPushed,0 ;test if button 1 has been pushed
000174 8689           00231     bsf LED1
000176 B364           00232     btfsc buttonPushed,1 ;test if button 2 has been pushed
000178 8889           00233     bsf LED2
00017A B564           00234     btfsc buttonPushed,2 ;test if button 3 has been pushed
00017C 8489           00235     bsf LED3
00017E 7A8A           00236 read2:    btg Blue ;blink the LED that represent the button that has been pushed
000180 0E1E           00237     movlw 0x1E
000182 EC?? F???      00238     call delayW0ms
000186 2F63           00239     decfsz blink
000188 D???           00240     bra read2
00018A EC?? F???      00241     call targetbank
00018E 0EC8           00242     movlw d'200' ;Show the message for 1s
000190 EC?? F???      00243     call delayW0ms
000194 EC?? F???      00244     call showthanks
000198 0E64           00245     movlw d'100' ;Show the message for 1s
00019A EC?? F???      00246     call delayW0ms
00019E EC?? F???      00247     call TXSUB
0001A2 0E38           00248     movlw T3LED 
0001A4 6E8A           00249     movwf LATB ;turn off leds 'Colors'
0001A6 8689           00250     bsf LED1 ;turn on LEDs of red color
0001A8 8889           00251     bsf LED2
0001AA 8489           00252     bsf LED3
0001AC 968A           00253     bcf Red
0001AE 696E           00254     setf clc
0001B0 0012           00255     return    
0001B2                00256 read1:;--------------------------;--------------------------This won't end until one button has been pus
                            hed
0001B2 AF69           00257     btfss FLAG2,7 ; 7 JAJA LOL XD
0001B4 D???           00258     bra rr1
0001B6 6A93           00259     clrf TRISB
0001B8 EC?? F???      00260     call separateC 
0001BC EC?? F???      00261     call showMoney
0001C0 0E00           00262     movlw TRISButtons                               ;
0001C2 6E93           00263     movwf TRISB ; setting data direction of PORTB     --~!
0001C4 EC?? F???      00264     call LEDsGreen
0001C8                00265 rr1:   
0001C8 BA82           00266     btfsc Pulsador1 
0001CA 0C01           00267     retlw 1
0001CC B882           00268     btfsc Pulsador2
0001CE 0C02           00269     retlw 2
0001D0 B282           00270     btfsc Pulsador3
0001D2 0C04           00271     retlw 4
0001D4 D???           00272     bra read1
                      00273 ;***************************************************** GO TO THE BANK X
0001D6                00274 targetbank:
0001D6 0E01           00275     movlw CLEARSCREEN
0001D8 EC?? F???      00276     call command
0001DC 0E94           00277     movlw THIRDLINE
0001DE EC?? F???      00278     call command
0001E2 0E??           00279     movlw low msg6
MPASM 5.68                      COINMAIN.ASM   8-7-2016  21:42:55         PAGE  8


LOC  OBJECT CODE     LINE SOURCE TEXT
  VALUE

0001E4 6EF6           00280     movwf TBLPTRL
0001E6 0E??           00281     movlw high msg6
0001E8 6EF7           00282     movwf TBLPTRH
0001EA 0E??           00283     movlw upper msg6
0001EC 6EF8           00284     movwf TBLPTRU
0001EE EC?? F???      00285     call LCD1
0001F2 EC?? F???      00286     call banknumber
0001F6 EC?? F???      00287     call pdata
0001FA 0012           00288     return
                      00289 
0001FC                00290 banknumber:    
0001FC B164           00291     btfsc buttonPushed,0
0001FE 0C31           00292     retlw '1'
000200 B364           00293     btfsc buttonPushed,1
000202 0C32           00294     retlw '2'
000204 B564           00295     btfsc buttonPushed,2
000206 0C33           00296     retlw '3'
000208 0012           00297     return 
                      00298     
                      00299 ;*******************************************SHOW THANKS SUBRUTINE
00020A                00300 showthanks:
00020A 0E94           00301     movlw THIRDLINE
00020C EC?? F???      00302     call command
000210 0E??           00303     movlw low msg7
000212 6EF6           00304     movwf TBLPTRL
000214 0E??           00305     movlw high msg7
000216 6EF7           00306     movwf TBLPTRH
000218 0E??           00307     movlw upper msg7
00021A 6EF8           00308     movwf TBLPTRU
00021C EC?? F???      00309     call LCD1
000220 0012           00310     return
                      00311 ;****************************** INITIAL CONFIGURATION LEDs AND BUTTONS SUBRUTINE   
000222                00312 LEDsRed:
                      00313     ;clrf LATA ; setting initial value of LATA
000222 0E38           00314     movlw T3LED
000224 6E8A           00315     movwf LATB ;LEDsOFF
000226 8689           00316     bsf LED1
000228 8889           00317     bsf LED2
00022A 8489           00318     bsf LED3
00022C 968A           00319     bcf Red ; Turn On the LEDs in RED COLOR
00022E 0012           00320     return
                      00321 
000230                00322 LEDsGreen:
000230 6A89           00323     clrf LATA ; setting initial value of LATA
000232 0E38           00324     movlw T3LED
000234 6E8A           00325     movwf LATB ;LEDsOFF
000236 8689           00326     bsf LED1
000238 8889           00327     bsf LED2
00023A 8489           00328     bsf LED3
00023C 988A           00329     bcf Green ; Turn On the LEDs in RED COLOR
00023E 0012           00330     return    
                      00331     
                      00332 ;****************************************************************LCD SUBRUOTINES     
MPASM 5.68                      COINMAIN.ASM   8-7-2016  21:42:55         PAGE  9


LOC  OBJECT CODE     LINE SOURCE TEXT
  VALUE

000240                00333 enablepulse: ;-------------------------------------For Latching data in the LCD 
000240 8289           00334     bsf E ;Rising Edge
000242 0000           00335     nop
000244 9289           00336     bcf E ;Falling Edge
000246 0012           00337     return 
                      00338     
000248                00339 command:;---------------------------------------------------;-------------------------------------------
                            --------For execute commands
000248 6E8A           00340     movwf DATAB
00024A 9089           00341     bcf RS
00024C EC?? F???      00342     call enablepulse ;To latch data 
000250 0E01           00343     movlw 0x01 
000252 EC?? F???      00344     call delayW0ms ;Delay for 20ms    
000256 0012           00345     return
                      00346 
000258                00347 pdata:;----------------------------------------------------;--------------------------------------------
                            --------For print data in LCD
000258 6E8A           00348     movwf DATAB
00025A 8089           00349     bsf RS
00025C EC?? F???      00350     call enablepulse ;To latch data 
000260 0E01           00351     movlw 0x01 
000262 EC?? F???      00352     call delayW0ms ;Delay for 20ms  
000266 0012           00353     return
                      00354 
000268                00355 setLCDup:;--------------------------------------------------;-------------------------------------------
                            -------For Initializate LCD    
000268 0E02           00356     movlw 0x02
00026A EC?? F???      00357     call delayW0ms ; Wait 10ms for Start up of LCD
00026E 0E??           00358     movlw low ctrlcd ;To load the address 0x000100
000270 6EF6           00359     movwf TBLPTRL
000272 0E??           00360     movlw high ctrlcd
000274 6EF7           00361     movwf TBLPTRH
000276 0E??           00362     movlw upper ctrlcd
000278 6EF8           00363     movwf TBLPTRU
                      00364 
00027A 0009           00365 set1:    TBLRD*+
00027C 50F5           00366     movf TABLAT,W   
00027E B4D8           00367     btfsc  STATUS,Z 
000280 0012           00368     return
000282 EC?? F???      00369     call command ;execute the command
000286 D???           00370     bra set1
                      00371     
                      00372 ;***************************************SET UP AND INITIALIZATION MCU SUBROUTINE     
000288                00373 initialconfigLCD: 
000288 8CD3           00374     bsf OSCCON,6
00028A 8AD3           00375     bsf OSCCON,5
00028C 98D3           00376     bcf OSCCON,4 ;For select 4MHZ clock
00028E 966D           00377     bcf UCON,3 ; Disenable USB Module, for use pins C4 and C5
000290 866F           00378     bsf UCFG,3 ;
                      00379     
000292 0E0F           00380     movlw portsAsDigital
000294 6EC1           00381     movwf ADCON1 ;Ports as digital instead of analogic
000296 6A92           00382     clrf TRISA  ;PortA as digital output
MPASM 5.68                      COINMAIN.ASM   8-7-2016  21:42:55         PAGE 10


LOC  OBJECT CODE     LINE SOURCE TEXT
  VALUE

000298 6A89           00383     clrf LATA  ;Initializing PortA = '0'
00029A 6A93           00384     clrf TRISB ;PortB as digital output 
00029C 6A8A           00385     clrf LATB ;Initializing PortB 
00029E 0E36           00386     movlw b'00110110'
0002A0 6E94           00387     movwf TRISC ; data direction PortC
0002A2 6A8B           00388     clrf LATC
0002A4 696E           00389     setf clc
0002A6 0012           00390     return 
                      00391     
                      00392 ;****************************************************************INITIAL MESSAGE    
0002A8                00393 LCDCover:   
                      00394     ;*-------------------Show Welcome Line 1
0002A8 0E??           00395     movlw low msg1
0002AA 6EF6           00396     movwf TBLPTRL
0002AC 0E??           00397     movlw high msg1
0002AE 6EF7           00398     movwf TBLPTRH
0002B0 0E??           00399     movlw upper msg1
0002B2 6EF8           00400     movwf TBLPTRU
0002B4 EC?? F???      00401     call LCD1
0002B8 0012           00402     return
                      00403     
                      00404     ;*------------------Show  Please insert a coin Line 3
0002BA                00405 LCDInsertC:
0002BA 0E94           00406     movlw THIRDLINE ;move to the third line
0002BC EC?? F???      00407     call command
                      00408     
0002C0 0E??           00409     movlw low msg2
0002C2 6EF6           00410     movwf TBLPTRL
0002C4 0E??           00411     movlw high msg2
0002C6 6EF7           00412     movwf TBLPTRH
0002C8 0E??           00413     movlw upper msg2
0002CA 6EF8           00414     movwf TBLPTRU
0002CC EC?? F???      00415     call LCD1
0002D0 0012           00416     return
                      00417     
0002D2                00418 LCDNInsertC:
0002D2 0E94           00419     movlw THIRDLINE ;move to the third line
0002D4 EC?? F???      00420     call command
                      00421     
0002D8 0E??           00422     movlw low msg3
0002DA 6EF6           00423     movwf TBLPTRL
0002DC 0E??           00424     movlw high msg3
0002DE 6EF7           00425     movwf TBLPTRH
0002E0 0E??           00426     movlw upper msg3
0002E2 6EF8           00427     movwf TBLPTRU
0002E4 EC?? F???      00428     call LCD1
0002E8 0012           00429     return
                      00430 
0002EA                00431 LCDBank:
0002EA 0E94           00432     movlw THIRDLINE ;move to the third line
0002EC EC?? F???      00433     call command
                      00434     
0002F0 0E??           00435     movlw low msg4
MPASM 5.68                      COINMAIN.ASM   8-7-2016  21:42:55         PAGE 11


LOC  OBJECT CODE     LINE SOURCE TEXT
  VALUE

0002F2 6EF6           00436     movwf TBLPTRL
0002F4 0E??           00437     movlw high msg4
0002F6 6EF7           00438     movwf TBLPTRH
0002F8 0E??           00439     movlw upper msg4
0002FA 6EF8           00440     movwf TBLPTRU
0002FC EC?? F???      00441     call LCD1
                      00442     
000300 0ED4           00443     movlw FOURTHLINE ;move to the third line
000302 EC?? F???      00444     call command
                      00445     
000306 0E??           00446     movlw low msg5
000308 6EF6           00447     movwf TBLPTRL
00030A 0E??           00448     movlw high msg5
00030C 6EF7           00449     movwf TBLPTRH
00030E 0E??           00450     movlw upper msg5
000310 6EF8           00451     movwf TBLPTRU
000312 EC?? F???      00452     call LCD1
000316 0012           00453     return 
                      00454     
000318 0009           00455 LCD1: tblrd*+
00031A 50F5           00456     movf TABLAT,W
00031C B4D8           00457     btfsc STATUS,Z
00031E 0012           00458     return
000320 EC?? F???      00459     call pdata 
000324 D???           00460     bra LCD1
                      00461 ;*************************************INITIAL CONFIGURATION CCP MODULE SUBRUTINE
000326                00462 initccp:
000326 0E04           00463     movlw 0x04 ;capture mode, falling edge
000328 6EBD           00464     movwf CCP1CON 
00032A 6AB1           00465     clrf T3CON
00032C 8494           00466     bsf TRISC,RC2 ; CCP1 as Input 
00032E 949E           00467     bcf PIR1,CCP1IF
000330 849D           00468     bsf PIE1,CCP1IE; Enabling interrupt for CCP1
000332 8CF2           00469     bsf INTCON,PEIE; Enabling peripheral interrupts
000334 8EF2           00470     bsf INTCON,GIE; Enabling global interruptions
000336 6B65           00471     clrf Tcoin
000338 6B68           00472     clrf FLAG
00033A 0012           00473     return
                      00474 ;***************************************************CCP INTERRUPT SERVICE RUTINE    
00033C                00475 CCPISR:
00033C 676E           00476     tstfsz clc
00033E EC?? F???      00477     call clear
000342 6969           00478     setf FLAG2
000344 6A93           00479     clrf TRISB ; In the case of button input
000346 0E19           00480     movlw 0x19
000348 EC?? F???      00481     call delayW0ms ; 25ms delay subrutine
00034C 949E           00482     bcf PIR1,CCP1IF
00034E 0E19           00483     movlw 0x19
000350 EC?? F???      00484     call delayW0ms ; 25ms delay subrutine
                      00485 ;    movlw CLEARSCREEN
                      00486 ;    call command
000354 A49E           00487     btfss PIR1,CCP1IF
000356 D???           00488     bra S200 ; Coin value =500 
MPASM 5.68                      COINMAIN.ASM   8-7-2016  21:42:55         PAGE 12


LOC  OBJECT CODE     LINE SOURCE TEXT
  VALUE

000358 B49E           00489     btfsc PIR1,CCP1IF
00035A D???           00490     bra S500; Coin value = 200
                      00491       
00035C                00492 S500:;---------------------------------------------------------;----------------------------------------
                            -----------------500 COIN SUBRUTINE
00035C 7C8B           00493     btg LATC,RC6
00035E 0E05           00494     movlw 0x05
000360 2765           00495     addwf Tcoin,F
000362 949E           00496     bcf PIR1,CCP1IF ; Clear Flag CCP1 Module
000364 8368           00497     bsf FLAG,1
000366 0011           00498     retfie 1 ; restore W and Status register from shadow resgisters
                      00499     
000368                00500 S200:;---------------------------------------------------------;----------------------------------------
                            -----------------200 COIN SUBRUTINE
000368 7C8B           00501     btg LATC,RC6
00036A 0E02           00502     movlw 0x02
00036C 2765           00503     addwf Tcoin,F
00036E 949E           00504     bcf PIR1,CCP1IF ; Clear Flag CCP1 Module
000370 8368           00505     bsf FLAG,1
000372 0011           00506     retfie 1 ;restore W and Status register from shadow registers
                      00507 
000374                00508 clear:
000374 0E01           00509     movlw CLEARSCREEN
000376 EC?? F???      00510     call command
00037A 6B6E           00511     clrf clc
00037C 0012           00512     return
                      00513 ;****************************************************************USART SUBRUTINE    
00037E                00514 TXSUB:
00037E 9EF2           00515     bcf INTCON,GIE ; turn off the interruptions for a moment 
000380 96B8           00516     bcf BAUDCON,BRG16 ; Baud rate generator 8 bits 'old school'
000382 0E24           00517     movlw ASYNH8b
000384 6EAC           00518     movwf TXSTA ;
000386 0E19           00519     movlw BR9600 
000388 6EAF           00520     movwf SPBRG ;Charging the adecuate value to generate 9600 bauds
00038A 9C94           00521     bcf TRISC,TX ;Setting data direction for tx pin 
00038C 8EAB           00522     bsf RCSTA,SPEN; enabling tx pin
                      00523     
00038E 6B6F           00524     clrf txdata
000390 C065 F06F      00525     movff Tcoin,txdata      ;xxXXXXXX
000394 9F6F           00526     bcf txdata,7 ;equipos
000396 9D6F           00527     bcf txdata,6 ;equipos
000398 B164           00528     btfsc buttonPushed,0    ;01 bank1
00039A 8D6F           00529     bsf txdata,6
00039C B364           00530     btfsc buttonPushed,1    ;10 bank2
00039E 8F6F           00531     bsf txdata,7
0003A0 B564           00532     btfsc buttonPushed,2    ;11 bank3
0003A2 8F6F           00533     bsf txdata,7
0003A4 B564           00534     btfsc buttonPushed,2
0003A6 8D6F           00535     bsf txdata,6
                      00536 
0003A8 0E1E           00537     movlw 0x1E
0003AA 6F70           00538     movwf nsend
0003AC                00539 senddata:    
MPASM 5.68                      COINMAIN.ASM   8-7-2016  21:42:55         PAGE 13


LOC  OBJECT CODE     LINE SOURCE TEXT
  VALUE

0003AC 516F           00540     movf txdata,W
0003AE A89E           00541 wait:    btfss PIR1,TXIF
0003B0 D???           00542     bra wait
0003B2 6EAD           00543     movwf TXREG
0003B4 2F70           00544     decfsz nsend
0003B6 D???           00545     bra senddata
0003B8 8EF2           00546     bsf INTCON,GIE ; turn on the interruptions 
                      00547     ;goto $
0003BA 0012           00548     return
                      00549 ;***************************************************************DELAY SUBRUTINES   
0003BC                00550 delay10ms:  ;4MHz frecuency oscillator
0003BC 0E54           00551     movlw d'84'  ;A Value
0003BE 6F61           00552     movwf delayvar+1
0003C0 0E26           00553 d0:   movlw d'38' ;B Value
0003C2 6F60           00554     movwf delayvar  
0003C4 0000           00555     nop
0003C6 2F60           00556 d1:  decfsz delayvar,F
0003C8 D???           00557     bra d1
0003CA 2F61           00558     decfsz delayvar+1,F
0003CC D???           00559     bra d0      
0003CE 0012           00560     return ;2+1+1+A[1+1+1+B+1+2B-2]+A+1+2A-2+2 => 5+A[5+3B]
                      00561     
0003D0                00562 delayW0ms: ;It is neccesary load a properly value in the acumulator before use this subrutine
0003D0 6F62           00563     movwf delayvar+2
0003D2 EC?? F???      00564 d2:    call delay10ms
0003D6 2F62           00565     decfsz delayvar+2,F
0003D8 D???           00566     bra d2
0003DA 0012           00567     return 
                      00568     
                      00569 ;********************************************************************DATA VECTOR
                      00570     org 0x500
000500 0C38 8001 0000 00571 ctrlcd:  db  MODE8BIT5x8M,DISPLAYON,CLEARSCREEN,FIRSTLINE,0  ;Comandos a ejecutar 
000506 2020 2020 2020 00572 msg1:    da "      WELCOME!      ",0                        
       4557 434C 4D4F 
       2145 2020 2020 
       2020 0000 
00051C 4C50 4145 4553 00573 msg2:    da "PLEASE INSERT A COIN",0    
       4920 534E 5245 
       2054 2041 4F43 
       4E49 0000 
000532 2020 2020 2020 00574 msg3:    da "                    ",0
       2020 2020 2020 
       2020 2020 2020 
       2020 0000 
000548 2020 2020 4843 00575 msg4:    da "    CHOOSE A SEAT   ",0  
       4F4F 4553 4120 
       5320 4145 2054 
       2020 0000 
00055E 2020 3120 2020 00576 msg5:    da "   1      2      3  ",0    
       2020 2020 2032 
       2020 2020 3320 
       2020 0000 
000574 4944 4952 4147 00577 msg6:    da "DIRIGASE AL BANCO:",0
MPASM 5.68                      COINMAIN.ASM   8-7-2016  21:42:55         PAGE 14


LOC  OBJECT CODE     LINE SOURCE TEXT
  VALUE

       4553 4120 204C 
       4142 434E 3A4F 
       0000 
000588 3130 3332 3534 00578 ncoin:   da "0123456789",0
       3736 3938 0000 
000594 2020 2020 4720 00579 msg7:    da "     GRACIAS        ",0   
       4152 4943 5341 
       2020 2020 2020 
       2020 0000 
                      00580  END
MPASM 5.68                      COINMAIN.ASM   8-7-2016  21:42:55         PAGE 15


SYMBOL TABLE
  LABEL                             VALUE 

A                                 00000000
ABDEN                             00000000
ABDOVF                            00000007
ACCESS                            00000000
ACKDT                             00000005
ACKEN                             00000004
ACKSTAT                           00000006
ACQT0                             00000003
ACQT1                             00000004
ACQT2                             00000005
ACTVIE                            00000002
ACTVIF                            00000002
ADCON0                            00000FC2
ADCON1                            00000FC1
ADCON2                            00000FC0
ADCS0                             00000000
ADCS1                             00000001
ADCS2                             00000002
ADDEN                             00000003
ADDR0                             00000000
ADDR1                             00000001
ADDR2                             00000002
ADDR3                             00000003
ADDR4                             00000004
ADDR5                             00000005
ADDR6                             00000006
ADEN                              00000003
ADFM                              00000007
ADIE                              00000006
ADIF                              00000006
ADIP                              00000006
ADON                              00000000
ADRES                             00000FC3
ADRESH                            00000FC4
ADRESL                            00000FC3
AN0                               00000000
AN1                               00000001
AN2                               00000002
AN3                               00000003
AN4                               00000005
ASYNH8b                           b'00100100'
BANKED                            00000001
BAUDCON                           00000FB8
BAUDCTL                           00000FB8
BCLIE                             00000003
BCLIF                             00000003
BCLIP                             00000003
BF                                00000000
BGST                              00000005
BOR                               00000000
BR9600                            0x19
BRG16                             00000003
BRGH                              00000002
MPASM 5.68                      COINMAIN.ASM   8-7-2016  21:42:55         PAGE 16


SYMBOL TABLE
  LABEL                             VALUE 

BSR                               00000FE0
BTOEE                             00000004
BTOEF                             00000004
BTSEE                             00000007
BTSEF                             00000007
Blue                              LATB,5
C                                 00000000
C1INV                             00000004
C1OUT                             00000006
C2INV                             00000005
C2OUT                             00000007
CCP1                              00000002
CCP1AS                            00000FB6
CCP1CON                           00000FBD
CCP1DEL                           00000FB7
CCP1IE                            00000002
CCP1IF                            00000002
CCP1IP                            00000002
CCP1M0                            00000000
CCP1M1                            00000001
CCP1M2                            00000002
CCP1M3                            00000003
CCP2CON                           00000FBA
CCP2IE                            00000000
CCP2IF                            00000000
CCP2IP                            00000000
CCP2M0                            00000000
CCP2M1                            00000001
CCP2M2                            00000002
CCP2M3                            00000003
CCPISR                            0000033C
CCPR1                             00000FBE
CCPR1H                            00000FBF
CCPR1L                            00000FBE
CCPR2                             00000FBB
CCPR2H                            00000FBC
CCPR2L                            00000FBB
CFGS                              00000006
CHS0                              00000002
CHS1                              00000003
CHS2                              00000004
CHS3                              00000005
CIS                               00000003
CK                                00000006
CKE                               00000006
CKP                               00000004
CLEARSCREEN                       0x01
CM0                               00000000
CM1                               00000001
CM2                               00000002
CMCON                             00000FB4
CMIE                              00000006
CMIF                              00000006
MPASM 5.68                      COINMAIN.ASM   8-7-2016  21:42:55         PAGE 17


SYMBOL TABLE
  LABEL                             VALUE 

CMIP                              00000006
CRC16EE                           00000002
CRC16EF                           00000002
CRC5EE                            00000001
CRC5EF                            00000001
CREN                              00000004
CSRC                              00000007
CVR0                              00000000
CVR1                              00000001
CVR2                              00000002
CVR3                              00000003
CVRCON                            00000FB5
CVREF                             00000004
CVREN                             00000007
CVROE                             00000006
CVRR                              00000005
CVRSS                             00000004
D                                 00000005
DATAB                             LATB
DATA_ADDRESS                      00000005
DC                                00000001
DC1B0                             00000004
DC1B1                             00000005
DC2B0                             00000004
DC2B1                             00000005
DDRA                              TRISA
DDRB                              TRISB
DDRC                              TRISC
DDRD                              TRISD
DDRE                              TRISE
DFN8EE                            00000003
DFN8EF                            00000003
DIR                               00000002
DISPLAYOFF                        0x0A
DISPLAYON                         0x0C
DONE                              00000001
D_A                               00000005
D_NOT_A                           00000005
E                                 LATA,1
ECCP1AS                           00000FB6
ECCP1DEL                          00000FB7
ECCPAS0                           00000004
ECCPAS1                           00000005
ECCPAS2                           00000006
ECCPASE                           00000007
EEADR                             00000FA9
EECON1                            00000FA6
EECON2                            00000FA7
EEDATA                            00000FA8
EEIE                              00000004
EEIF                              00000004
EEIP                              00000004
EEPGD                             00000007
MPASM 5.68                      COINMAIN.ASM   8-7-2016  21:42:55         PAGE 18


SYMBOL TABLE
  LABEL                             VALUE 

ENDP0                             00000003
ENDP1                             00000004
ENDP2                             00000005
ENDP3                             00000006
EPCONDIS                          00000003
EPHSHK                            00000004
EPINEN                            00000001
EPOUTEN                           00000002
EPSTALL                           00000000
FAST                              00000001
FERR                              00000002
FIRST4LINE                        0x84
FIRSTLINE                         0x80
FLAG                              00000068
FLAG2                             00000069
FLTS                              00000002
FOURTHLINE                        0xD4
FREE                              00000004
FRM0                              00000000
FRM1                              00000001
FRM10                             00000002
FRM2                              00000002
FRM3                              00000003
FRM4                              00000004
FRM5                              00000005
FRM6                              00000006
FRM7                              00000007
FRM8                              00000000
FRM9                              00000001
FSEN                              00000002
FSR0                              00000000
FSR0H                             00000FEA
FSR0L                             00000FE9
FSR1                              00000001
FSR1H                             00000FE2
FSR1L                             00000FE1
FSR2                              00000002
FSR2H                             00000FDA
FSR2L                             00000FD9
GCEN                              00000007
GIE                               00000007
GIEH                              00000007
GIEL                              00000006
GIE_GIEH                          00000007
GO                                00000001
GO_DONE                           00000001
GO_NOT_DONE                       00000001
Green                             LATB,4
HLVDCON                           00000FD2
HLVDEN                            00000004
HLVDIE                            00000002
HLVDIF                            00000002
HLVDIN                            00000005
MPASM 5.68                      COINMAIN.ASM   8-7-2016  21:42:55         PAGE 19


SYMBOL TABLE
  LABEL                             VALUE 

HLVDIP                            00000002
HLVDL0                            00000000
HLVDL1                            00000001
HLVDL2                            00000002
HLVDL3                            00000003
I2C_DAT                           00000005
I2C_READ                          00000002
I2C_START                         00000003
I2C_STOP                          00000004
IDLEIE                            00000004
IDLEIF                            00000004
IDLEN                             00000007
INDF0                             00000FEF
INDF1                             00000FE7
INDF2                             00000FDF
INT0                              00000000
INT0E                             00000004
INT0F                             00000001
INT0IE                            00000004
INT0IF                            00000001
INT1                              00000001
INT1E                             00000003
INT1F                             00000000
INT1IE                            00000003
INT1IF                            00000000
INT1IP                            00000006
INT1P                             00000006
INT2                              00000002
INT2E                             00000004
INT2F                             00000001
INT2IE                            00000004
INT2IF                            00000001
INT2IP                            00000007
INT2P                             00000007
INTCON                            00000FF2
INTCON2                           00000FF1
INTCON3                           00000FF0
INTEDG0                           00000006
INTEDG1                           00000005
INTEDG2                           00000004
INTSRC                            00000007
IOFS                              00000002
IPEN                              00000007
IPR1                              00000F9F
IPR2                              00000FA2
IRCF0                             00000004
IRCF1                             00000005
IRCF2                             00000006
IRVST                             00000005
IVRST                             00000005
LATA                              00000F89
LATA0                             00000000
LATA1                             00000001
MPASM 5.68                      COINMAIN.ASM   8-7-2016  21:42:55         PAGE 20


SYMBOL TABLE
  LABEL                             VALUE 

LATA2                             00000002
LATA3                             00000003
LATA4                             00000004
LATA5                             00000005
LATA6                             00000006
LATB                              00000F8A
LATB0                             00000000
LATB1                             00000001
LATB2                             00000002
LATB3                             00000003
LATB4                             00000004
LATB5                             00000005
LATB6                             00000006
LATB7                             00000007
LATC                              00000F8B
LATC0                             00000000
LATC1                             00000001
LATC2                             00000002
LATC6                             00000006
LATC7                             00000007
LCD1                              00000318
LCDBank                           000002EA
LCDCover                          000002A8
LCDInsertC                        000002BA
LCDNInsertC                       000002D2
LED1                              LATA,3
LED2                              LATA,4
LED3                              LATA,2
LEDsGreen                         00000230
LEDsRed                           00000222
LVDCON                            00000FD2
LVDEN                             00000004
LVDIE                             00000002
LVDIF                             00000002
LVDIN                             00000005
LVDIP                             00000002
LVDL0                             00000000
LVDL1                             00000001
LVDL2                             00000002
LVDL3                             00000003
LVV0                              00000000
LVV1                              00000001
LVV2                              00000002
LVV3                              00000003
MODE8BIT5x8M                      0x38
N                                 00000004
NOT_A                             00000005
NOT_ADDRESS                       00000005
NOT_BOR                           00000000
NOT_DONE                          00000001
NOT_IPEN                          00000007
NOT_PD                            00000002
NOT_POR                           00000001
MPASM 5.68                      COINMAIN.ASM   8-7-2016  21:42:55         PAGE 21


SYMBOL TABLE
  LABEL                             VALUE 

NOT_RBPU                          00000007
NOT_RI                            00000004
NOT_T1SYNC                        00000002
NOT_T3SYNC                        00000002
NOT_TO                            00000003
NOT_W                             00000002
NOT_WRITE                         00000002
OERR                              00000001
OSC2                              00000006
OSCCON                            00000FD3
OSCFIE                            00000007
OSCFIF                            00000007
OSCFIP                            00000007
OSCTUNE                           00000F9B
OSTS                              00000003
OV                                00000003
P                                 00000004
P1A                               00000002
PC                                00000FF9
PCFG0                             00000000
PCFG1                             00000001
PCFG2                             00000002
PCFG3                             00000003
PCL                               00000FF9
PCLATH                            00000FFA
PCLATU                            00000FFB
PD                                00000002
PEIE                              00000006
PEIE_GIEL                         00000006
PEN                               00000002
PGC                               00000006
PGD                               00000007
PGM                               00000005
PIDEE                             00000000
PIDEF                             00000000
PIE1                              00000F9D
PIE2                              00000FA0
PIR1                              00000F9E
PIR2                              00000FA1
PKTDIS                            00000004
PLUSW0                            00000FEB
PLUSW1                            00000FE3
PLUSW2                            00000FDB
POR                               00000001
PORTA                             00000F80
PORTB                             00000F81
PORTC                             00000F82
PORTE                             00000F84
POSTDEC0                          00000FED
POSTDEC1                          00000FE5
POSTDEC2                          00000FDD
POSTINC0                          00000FEE
POSTINC1                          00000FE6
MPASM 5.68                      COINMAIN.ASM   8-7-2016  21:42:55         PAGE 22


SYMBOL TABLE
  LABEL                             VALUE 

POSTINC2                          00000FDE
PPB0                              00000000
PPB1                              00000001
PPBI                              00000001
PPBRST                            00000006
PR2                               00000FCB
PREINC0                           00000FEC
PREINC1                           00000FE4
PREINC2                           00000FDC
PROD                              00000FF3
PRODH                             00000FF4
PRODL                             00000FF3
PRSEN                             00000007
PSA                               00000003
PSSAC0                            00000002
PSSAC1                            00000003
Pulsador1                         PORTC,5
Pulsador2                         PORTC,4
Pulsador3                         PORTC,1
R                                 00000002
RA0                               00000000
RA1                               00000001
RA2                               00000002
RA3                               00000003
RA4                               00000004
RA5                               00000005
RA6                               00000006
RB0                               00000000
RB1                               00000001
RB2                               00000002
RB3                               00000003
RB4                               00000004
RB5                               00000005
RB6                               00000006
RB7                               00000007
RBIE                              00000003
RBIF                              00000000
RBIP                              00000000
RBPU                              00000007
RC0                               00000000
RC1                               00000001
RC2                               00000002
RC4                               00000004
RC5                               00000005
RC6                               00000006
RC7                               00000007
RCEN                              00000003
RCIDL                             00000006
RCIE                              00000005
RCIF                              00000005
RCIP                              00000005
RCMT                              00000006
RCON                              00000FD0
MPASM 5.68                      COINMAIN.ASM   8-7-2016  21:42:55         PAGE 23


SYMBOL TABLE
  LABEL                             VALUE 

RCREG                             00000FAE
RCSTA                             00000FAB
RD                                00000000
RD16                              00000007
RE3                               00000003
READ_WRITE                        00000002
RESUME                            00000002
RI                                00000004
RS                                LATA,0
RSEN                              00000001
RX                                00000007
RX9                               00000006
RX9D                              00000000
RXDTP                             00000005
R_NOT_W                           00000002
R_W                               00000002
Red                               LATB,3
S                                 00000003
S200                              00000368
S500                              0000035C
SBOREN                            00000006
SCKP                              00000004
SCS0                              00000000
SCS1                              00000001
SE0                               00000005
SECONDLINE                        0xC0
SEN                               00000000
SENDB                             00000003
SIGNPESOS                         0x24
SMP                               00000007
SOFIE                             00000006
SOFIF                             00000006
SPBRG                             00000FAF
SPBRGH                            00000FB0
SPEN                              00000007
SREN                              00000005
SSPADD                            00000FC8
SSPBUF                            00000FC9
SSPCON1                           00000FC6
SSPCON2                           00000FC5
SSPEN                             00000005
SSPIE                             00000003
SSPIF                             00000003
SSPIP                             00000003
SSPM0                             00000000
SSPM1                             00000001
SSPM2                             00000002
SSPM3                             00000003
SSPOV                             00000006
SSPSTAT                           00000FC7
STALLIE                           00000005
STALLIF                           00000005
STATUS                            00000FD8
MPASM 5.68                      COINMAIN.ASM   8-7-2016  21:42:55         PAGE 24


SYMBOL TABLE
  LABEL                             VALUE 

STKFUL                            00000007
STKOVF                            00000007
STKPTR                            00000FFC
STKPTR0                           00000000
STKPTR1                           00000001
STKPTR2                           00000002
STKPTR3                           00000003
STKPTR4                           00000004
STKUNF                            00000006
SUSPND                            00000001
SWDTE                             00000000
SWDTEN                            00000000
SYNC                              00000004
T08BIT                            00000006
T0CKI                             00000004
T0CON                             00000FD5
T0CS                              00000005
T0IE                              00000005
T0IF                              00000002
T0IP                              00000002
T0PS0                             00000000
T0PS1                             00000001
T0PS2                             00000002
T0SE                              00000004
T13CKI                            00000000
T1CKPS0                           00000004
T1CKPS1                           00000005
T1CON                             00000FCD
T1OSCEN                           00000003
T1OSI                             00000001
T1OSO                             00000000
T1RUN                             00000006
T1SYNC                            00000002
T2CKPS0                           00000000
T2CKPS1                           00000001
T2CON                             00000FCA
T2OUTPS0                          00000003
T2OUTPS1                          00000004
T2OUTPS2                          00000005
T2OUTPS3                          00000006
T3CCP1                            00000003
T3CCP2                            00000006
T3CKPS0                           00000004
T3CKPS1                           00000005
T3CON                             00000FB1
T3LED                             b'00111000'
T3NSYNC                           00000002
T3SYNC                            00000002
TABLAT                            00000FF5
TBLPTR                            00000FF6
TBLPTRH                           00000FF7
TBLPTRL                           00000FF6
TBLPTRU                           00000FF8
MPASM 5.68                      COINMAIN.ASM   8-7-2016  21:42:55         PAGE 25


SYMBOL TABLE
  LABEL                             VALUE 

THIRDLINE                         0x94
TMR0                              00000FD6
TMR0H                             00000FD7
TMR0IE                            00000005
TMR0IF                            00000002
TMR0IP                            00000002
TMR0L                             00000FD6
TMR0ON                            00000007
TMR1                              00000FCE
TMR1CS                            00000001
TMR1H                             00000FCF
TMR1IE                            00000000
TMR1IF                            00000000
TMR1IP                            00000000
TMR1L                             00000FCE
TMR1ON                            00000000
TMR2                              00000FCC
TMR2IE                            00000001
TMR2IF                            00000001
TMR2IP                            00000001
TMR2ON                            00000002
TMR3                              00000FB2
TMR3CS                            00000001
TMR3H                             00000FB3
TMR3IE                            00000001
TMR3IF                            00000001
TMR3IP                            00000001
TMR3L                             00000FB2
TMR3ON                            00000000
TO                                00000003
TOS                               00000FFD
TOSH                              00000FFE
TOSL                              00000FFD
TOSU                              00000FFF
TOUTPS0                           00000003
TOUTPS1                           00000004
TOUTPS2                           00000005
TOUTPS3                           00000006
TRISA                             00000F92
TRISA0                            00000000
TRISA1                            00000001
TRISA2                            00000002
TRISA3                            00000003
TRISA4                            00000004
TRISA5                            00000005
TRISA6                            00000006
TRISB                             00000F93
TRISB0                            00000000
TRISB1                            00000001
TRISB2                            00000002
TRISB3                            00000003
TRISB4                            00000004
TRISB5                            00000005
MPASM 5.68                      COINMAIN.ASM   8-7-2016  21:42:55         PAGE 26


SYMBOL TABLE
  LABEL                             VALUE 

TRISB6                            00000006
TRISB7                            00000007
TRISButtons                       b'00000000'
TRISC                             00000F94
TRISC0                            00000000
TRISC1                            00000001
TRISC2                            00000002
TRISC6                            00000006
TRISC7                            00000007
TRMT                              00000001
TRNIE                             00000003
TRNIF                             00000003
TUN0                              00000000
TUN1                              00000001
TUN2                              00000002
TUN3                              00000003
TUN4                              00000004
TX                                00000006
TX9                               00000006
TX9D                              00000000
TXCKP                             00000004
TXEN                              00000005
TXIE                              00000004
TXIF                              00000004
TXIP                              00000004
TXREG                             00000FAD
TXSTA                             00000FAC
TXSUB                             0000037E
Tcoin                             00000065
UA                                00000001
UADDR                             00000F6E
UCFG                              00000F6F
UCON                              00000F6D
UEIE                              00000F6B
UEIR                              00000F6A
UEP0                              00000F70
UEP1                              00000F71
UEP10                             00000F7A
UEP11                             00000F7B
UEP12                             00000F7C
UEP13                             00000F7D
UEP14                             00000F7E
UEP15                             00000F7F
UEP2                              00000F72
UEP3                              00000F73
UEP4                              00000F74
UEP5                              00000F75
UEP6                              00000F76
UEP7                              00000F77
UEP8                              00000F78
UEP9                              00000F79
UERRIE                            00000001
UERRIF                            00000001
MPASM 5.68                      COINMAIN.ASM   8-7-2016  21:42:55         PAGE 27


SYMBOL TABLE
  LABEL                             VALUE 

UFRM                              00000F66
UFRMH                             00000F67
UFRML                             00000F66
UIE                               00000F69
UIR                               00000F68
UOEMON                            00000006
UPUEN                             00000004
URSTIE                            00000000
URSTIF                            00000000
USBEN                             00000003
USBIE                             00000005
USBIF                             00000005
USBIP                             00000005
USTAT                             00000F6C
UTEYE                             00000007
UTRDIS                            00000003
VCFG0                             00000004
VCFG1                             00000005
VDIRMAG                           00000007
VREFM                             00000002
VREFP                             00000003
W                                 00000000
WCOL                              00000007
WDTCON                            00000FD1
WR                                00000001
WREG                              00000FE8
WREN                              00000002
WRERR                             00000003
WUE                               00000001
Z                                 00000002
_BORV_0_2L                        000000E7
_BORV_1_2L                        000000EF
_BORV_2_2L                        000000F7
_BORV_3_2L                        000000FF
_BOR_OFF_2L                       000000F9
_BOR_ON_2L                        000000FF
_BOR_ON_ACTIVE_2L                 000000FD
_BOR_SOFT_2L                      000000FB
_CCP2MX_OFF_3H                    000000FE
_CCP2MX_ON_3H                     000000FF
_CONFIG1H                         00300001
_CONFIG1L                         00300000
_CONFIG2H                         00300003
_CONFIG2L                         00300002
_CONFIG3H                         00300005
_CONFIG4L                         00300006
_CONFIG5H                         00300009
_CONFIG5L                         00300008
_CONFIG6H                         0030000B
_CONFIG6L                         0030000A
_CONFIG7H                         0030000D
_CONFIG7L                         0030000C
_CP0_OFF_5L                       000000FF
MPASM 5.68                      COINMAIN.ASM   8-7-2016  21:42:55         PAGE 28


SYMBOL TABLE
  LABEL                             VALUE 

_CP0_ON_5L                        000000FE
_CP1_OFF_5L                       000000FF
_CP1_ON_5L                        000000FD
_CP2_OFF_5L                       000000FF
_CP2_ON_5L                        000000FB
_CP3_OFF_5L                       000000FF
_CP3_ON_5L                        000000F7
_CPB_OFF_5H                       000000FF
_CPB_ON_5H                        000000BF
_CPD_OFF_5H                       000000FF
_CPD_ON_5H                        0000007F
_CPUDIV_OSC1_PLL2_1L              000000E7
_CPUDIV_OSC2_PLL3_1L              000000EF
_CPUDIV_OSC3_PLL4_1L              000000F7
_CPUDIV_OSC4_PLL6_1L              000000FF
_DEBUG_OFF_4L                     000000FF
_DEBUG_ON_4L                      0000007F
_DEVID1                           003FFFFE
_DEVID2                           003FFFFF
_EBTR0_OFF_7L                     000000FF
_EBTR0_ON_7L                      000000FE
_EBTR1_OFF_7L                     000000FF
_EBTR1_ON_7L                      000000FD
_EBTR2_OFF_7L                     000000FF
_EBTR2_ON_7L                      000000FB
_EBTR3_OFF_7L                     000000FF
_EBTR3_ON_7L                      000000F7
_EBTRB_OFF_7H                     000000FF
_EBTRB_ON_7H                      000000BF
_FCMEN_OFF_1H                     000000BF
_FCMEN_ON_1H                      000000FF
_FOSC_ECIO_EC_1H                  000000F4
_FOSC_ECPLLIO_EC_1H               000000F6
_FOSC_ECPLL_EC_1H                 000000F7
_FOSC_EC_EC_1H                    000000F5
_FOSC_HSPLL_HS_1H                 000000FE
_FOSC_HS_1H                       000000FC
_FOSC_INTOSCIO_EC_1H              000000F8
_FOSC_INTOSC_EC_1H                000000F9
_FOSC_INTOSC_HS_1H                000000FB
_FOSC_INTOSC_XT_1H                000000FA
_FOSC_XTPLL_XT_1H                 000000F2
_FOSC_XT_XT_1H                    000000F0
_IDLOC0                           00200000
_IDLOC1                           00200001
_IDLOC2                           00200002
_IDLOC3                           00200003
_IDLOC4                           00200004
_IDLOC5                           00200005
_IDLOC6                           00200006
_IDLOC7                           00200007
_IESO_OFF_1H                      0000007F
_IESO_ON_1H                       000000FF
MPASM 5.68                      COINMAIN.ASM   8-7-2016  21:42:55         PAGE 29


SYMBOL TABLE
  LABEL                             VALUE 

_LPT1OSC_OFF_3H                   000000FB
_LPT1OSC_ON_3H                    000000FF
_LVP_OFF_4L                       000000FB
_LVP_ON_4L                        000000FF
_MCLRE_OFF_3H                     0000007F
_MCLRE_ON_3H                      000000FF
_PBADEN_OFF_3H                    000000FD
_PBADEN_ON_3H                     000000FF
_PLLDIV_10_1L                     000000FE
_PLLDIV_12_1L                     000000FF
_PLLDIV_1_1L                      000000F8
_PLLDIV_2_1L                      000000F9
_PLLDIV_3_1L                      000000FA
_PLLDIV_4_1L                      000000FB
_PLLDIV_5_1L                      000000FC
_PLLDIV_6_1L                      000000FD
_PWRT_OFF_2L                      000000FF
_PWRT_ON_2L                       000000FE
_STVREN_OFF_4L                    000000FE
_STVREN_ON_4L                     000000FF
_USBDIV_1_1L                      000000DF
_USBDIV_2_1L                      000000FF
_VREGEN_OFF_2L                    000000DF
_VREGEN_ON_2L                     000000FF
_WDTPS_1024_2H                    000000F5
_WDTPS_128_2H                     000000EF
_WDTPS_16384_2H                   000000FD
_WDTPS_16_2H                      000000E9
_WDTPS_1_2H                       000000E1
_WDTPS_2048_2H                    000000F7
_WDTPS_256_2H                     000000F1
_WDTPS_2_2H                       000000E3
_WDTPS_32768_2H                   000000FF
_WDTPS_32_2H                      000000EB
_WDTPS_4096_2H                    000000F9
_WDTPS_4_2H                       000000E5
_WDTPS_512_2H                     000000F3
_WDTPS_64_2H                      000000ED
_WDTPS_8192_2H                    000000FB
_WDTPS_8_2H                       000000E7
_WDT_OFF_2H                       000000FE
_WDT_ON_2H                        000000FF
_WRT0_OFF_6L                      000000FF
_WRT0_ON_6L                       000000FE
_WRT1_OFF_6L                      000000FF
_WRT1_ON_6L                       000000FD
_WRT2_OFF_6L                      000000FF
_WRT2_ON_6L                       000000FB
_WRT3_OFF_6L                      000000FF
_WRT3_ON_6L                       000000F7
_WRTB_OFF_6H                      000000FF
_WRTB_ON_6H                       000000BF
_WRTC_OFF_6H                      000000FF
MPASM 5.68                      COINMAIN.ASM   8-7-2016  21:42:55         PAGE 30


SYMBOL TABLE
  LABEL                             VALUE 

_WRTC_ON_6H                       000000DF
_WRTD_OFF_6H                      000000FF
_WRTD_ON_6H                       0000007F
_XINST_OFF_4L                     000000BF
_XINST_ON_4L                      000000FF
__18F2550                         00000001
banknumber                        000001FC
blink                             00000063
buttonPushed                      00000064
choosebank                        00000036
clc                               0000006E
clear                             00000374
command                           00000248
ctime                             0000006D
ctrlcd                            00000500
d0                                000003C0
d1                                000003C6
d2                                000003D2
dTcoin                            00000066
delay10ms                         000003BC
delayW0ms                         000003D0
delayvar                          00000060
dirnum                            00000150
enablepulse                       00000240
greater100t                       0000011A
greater9                          00000060
greater9t                         00000122
initccp                           00000326
initialconfigLCD                  00000288
main                              0000000C
mainInsertC                       00000020
msg1                              00000506
msg2                              0000051C
msg3                              00000532
msg4                              00000548
msg5                              0000055E
msg6                              00000574
msg7                              00000594
ncoin                             00000588
nsend                             00000070
pdata                             00000258
portasdigital                     0x0F
portsAsDigital                    0x0F
read1                             000001B2
read2                             0000017E
readbutton                        0000015E
rr1                               000001C8
se1                               00000058
senddata                          000003AC
sep0                              0000010A
sep1                              00000112
separateC                         00000050
separateT                         000000F6
MPASM 5.68                      COINMAIN.ASM   8-7-2016  21:42:55         PAGE 31


SYMBOL TABLE
  LABEL                             VALUE 

set1                              0000027A
setLCDup                          00000268
show1                             00000146
showMoney                         00000068
showd                             0000012A
showdt                            0000012C
showthanks                        0000020A
showu                             00000138
showut                            0000013A
targetbank                        000001D6
time                              0000006A
ttime                             0000006C
txdata                            0000006F
uTcoin                            00000067
utime                             0000006B
wait                              000003AE

Errors   :     0
Warnings :     0 reported,     0 suppressed
Messages :     0 reported,     0 suppressed

